mode: set
gitlab.com/l3montree/cryptogotchi/clodhopper/internal/http_util/response.go:8.76,12.2 3 0
gitlab.com/l3montree/cryptogotchi/clodhopper/internal/http_util/response.go:14.54,18.2 3 0
gitlab.com/l3montree/cryptogotchi/clodhopper/internal/controller/auth_controller.go:19.110,23.2 1 0
gitlab.com/l3montree/cryptogotchi/clodhopper/internal/controller/auth_controller.go:25.76,29.16 3 0
gitlab.com/l3montree/cryptogotchi/clodhopper/internal/controller/auth_controller.go:35.2,37.24 2 0
gitlab.com/l3montree/cryptogotchi/clodhopper/internal/controller/auth_controller.go:43.2,43.16 1 0
gitlab.com/l3montree/cryptogotchi/clodhopper/internal/controller/auth_controller.go:50.2,51.16 2 0
gitlab.com/l3montree/cryptogotchi/clodhopper/internal/controller/auth_controller.go:57.2,57.29 1 0
gitlab.com/l3montree/cryptogotchi/clodhopper/internal/controller/auth_controller.go:29.16,33.3 3 0
gitlab.com/l3montree/cryptogotchi/clodhopper/internal/controller/auth_controller.go:37.24,41.3 3 0
gitlab.com/l3montree/cryptogotchi/clodhopper/internal/controller/auth_controller.go:43.16,47.3 3 0
gitlab.com/l3montree/cryptogotchi/clodhopper/internal/controller/auth_controller.go:51.16,55.3 3 0
gitlab.com/l3montree/cryptogotchi/clodhopper/internal/controller/auth_controller.go:60.74,64.16 3 0
gitlab.com/l3montree/cryptogotchi/clodhopper/internal/controller/auth_controller.go:70.2,71.27 2 0
gitlab.com/l3montree/cryptogotchi/clodhopper/internal/controller/auth_controller.go:78.2,78.24 1 0
gitlab.com/l3montree/cryptogotchi/clodhopper/internal/controller/auth_controller.go:102.2,103.16 2 0
gitlab.com/l3montree/cryptogotchi/clodhopper/internal/controller/auth_controller.go:109.2,109.29 1 0
gitlab.com/l3montree/cryptogotchi/clodhopper/internal/controller/auth_controller.go:64.16,68.3 3 0
gitlab.com/l3montree/cryptogotchi/clodhopper/internal/controller/auth_controller.go:72.34,73.61 1 0
gitlab.com/l3montree/cryptogotchi/clodhopper/internal/controller/auth_controller.go:74.39,75.71 1 0
gitlab.com/l3montree/cryptogotchi/clodhopper/internal/controller/auth_controller.go:78.24,82.28 2 0
gitlab.com/l3montree/cryptogotchi/clodhopper/internal/controller/auth_controller.go:88.3,89.17 2 0
gitlab.com/l3montree/cryptogotchi/clodhopper/internal/controller/auth_controller.go:83.35,84.41 1 0
gitlab.com/l3montree/cryptogotchi/clodhopper/internal/controller/auth_controller.go:85.40,86.52 1 0
gitlab.com/l3montree/cryptogotchi/clodhopper/internal/controller/auth_controller.go:89.17,93.4 3 0
gitlab.com/l3montree/cryptogotchi/clodhopper/internal/controller/auth_controller.go:94.8,94.23 1 0
gitlab.com/l3montree/cryptogotchi/clodhopper/internal/controller/auth_controller.go:94.23,98.3 3 0
gitlab.com/l3montree/cryptogotchi/clodhopper/internal/controller/auth_controller.go:103.16,107.3 3 0
gitlab.com/l3montree/cryptogotchi/clodhopper/internal/models/base.go:16.48,18.16 2 0
gitlab.com/l3montree/cryptogotchi/clodhopper/internal/models/base.go:21.2,22.12 2 0
gitlab.com/l3montree/cryptogotchi/clodhopper/internal/models/base.go:18.16,20.3 1 0
gitlab.com/l3montree/cryptogotchi/clodhopper/internal/models/base.go:25.48,28.2 2 0
gitlab.com/l3montree/cryptogotchi/clodhopper/internal/models/event.go:26.57,28.14 2 0
gitlab.com/l3montree/cryptogotchi/clodhopper/internal/models/event.go:32.2,32.16 1 0
gitlab.com/l3montree/cryptogotchi/clodhopper/internal/models/event.go:40.2,40.26 1 0
gitlab.com/l3montree/cryptogotchi/clodhopper/internal/models/event.go:28.14,30.3 1 0
gitlab.com/l3montree/cryptogotchi/clodhopper/internal/models/event.go:33.21,34.15 1 0
gitlab.com/l3montree/cryptogotchi/clodhopper/internal/models/event.go:35.23,36.20 1 0
gitlab.com/l3montree/cryptogotchi/clodhopper/internal/models/event.go:37.21,38.14 1 0
gitlab.com/l3montree/cryptogotchi/clodhopper/internal/models/event.go:43.55,49.2 1 0
gitlab.com/l3montree/cryptogotchi/clodhopper/internal/service/event_service.go:13.65,17.2 1 0
gitlab.com/l3montree/cryptogotchi/clodhopper/internal/service/game_service.go:27.85,32.2 1 0
gitlab.com/l3montree/cryptogotchi/clodhopper/internal/service/game_service.go:34.129,42.16 3 0
gitlab.com/l3montree/cryptogotchi/clodhopper/internal/service/game_service.go:47.2,58.16 3 0
gitlab.com/l3montree/cryptogotchi/clodhopper/internal/service/game_service.go:62.2,62.29 1 0
gitlab.com/l3montree/cryptogotchi/clodhopper/internal/service/game_service.go:42.16,44.3 1 0
gitlab.com/l3montree/cryptogotchi/clodhopper/internal/service/game_service.go:58.16,60.3 1 0
gitlab.com/l3montree/cryptogotchi/clodhopper/internal/service/game_service.go:65.79,67.16 2 0
gitlab.com/l3montree/cryptogotchi/clodhopper/internal/service/game_service.go:71.2,73.41 2 0
gitlab.com/l3montree/cryptogotchi/clodhopper/internal/service/game_service.go:78.2,81.22 3 0
gitlab.com/l3montree/cryptogotchi/clodhopper/internal/service/game_service.go:67.16,69.3 1 0
gitlab.com/l3montree/cryptogotchi/clodhopper/internal/service/game_service.go:73.41,75.3 1 0
gitlab.com/l3montree/cryptogotchi/clodhopper/internal/service/game_service.go:84.69,86.16 2 0
gitlab.com/l3montree/cryptogotchi/clodhopper/internal/service/game_service.go:90.2,94.12 5 0
gitlab.com/l3montree/cryptogotchi/clodhopper/internal/service/game_service.go:86.16,88.3 1 0
gitlab.com/l3montree/cryptogotchi/clodhopper/internal/service/user_service.go:13.62,15.2 1 0
gitlab.com/l3montree/cryptogotchi/clodhopper/graph/generated/generated.go:25.63,31.2 1 0
gitlab.com/l3montree/cryptogotchi/clodhopper/graph/generated/generated.go:135.49,137.2 1 0
gitlab.com/l3montree/cryptogotchi/clodhopper/graph/generated/generated.go:139.128,142.32 3 0
gitlab.com/l3montree/cryptogotchi/clodhopper/graph/generated/generated.go:367.2,367.17 1 0
gitlab.com/l3montree/cryptogotchi/clodhopper/graph/generated/generated.go:144.32,145.49 1 0
gitlab.com/l3montree/cryptogotchi/clodhopper/graph/generated/generated.go:149.3,149.68 1 0
gitlab.com/l3montree/cryptogotchi/clodhopper/graph/generated/generated.go:151.32,152.49 1 0
gitlab.com/l3montree/cryptogotchi/clodhopper/graph/generated/generated.go:156.3,156.68 1 0
gitlab.com/l3montree/cryptogotchi/clodhopper/graph/generated/generated.go:158.29,159.46 1 0
gitlab.com/l3montree/cryptogotchi/clodhopper/graph/generated/generated.go:163.3,163.65 1 0
gitlab.com/l3montree/cryptogotchi/clodhopper/graph/generated/generated.go:165.27,166.44 1 0
gitlab.com/l3montree/cryptogotchi/clodhopper/graph/generated/generated.go:170.3,170.63 1 0
gitlab.com/l3montree/cryptogotchi/clodhopper/graph/generated/generated.go:172.26,173.43 1 0
gitlab.com/l3montree/cryptogotchi/clodhopper/graph/generated/generated.go:177.3,177.62 1 0
gitlab.com/l3montree/cryptogotchi/clodhopper/graph/generated/generated.go:179.32,180.49 1 0
gitlab.com/l3montree/cryptogotchi/clodhopper/graph/generated/generated.go:184.3,184.68 1 0
gitlab.com/l3montree/cryptogotchi/clodhopper/graph/generated/generated.go:186.25,187.42 1 0
gitlab.com/l3montree/cryptogotchi/clodhopper/graph/generated/generated.go:191.3,191.61 1 0
gitlab.com/l3montree/cryptogotchi/clodhopper/graph/generated/generated.go:193.30,194.47 1 0
gitlab.com/l3montree/cryptogotchi/clodhopper/graph/generated/generated.go:198.3,198.66 1 0
gitlab.com/l3montree/cryptogotchi/clodhopper/graph/generated/generated.go:200.27,201.44 1 0
gitlab.com/l3montree/cryptogotchi/clodhopper/graph/generated/generated.go:205.3,205.63 1 0
gitlab.com/l3montree/cryptogotchi/clodhopper/graph/generated/generated.go:207.30,208.47 1 0
gitlab.com/l3montree/cryptogotchi/clodhopper/graph/generated/generated.go:212.3,212.66 1 0
gitlab.com/l3montree/cryptogotchi/clodhopper/graph/generated/generated.go:214.30,215.47 1 0
gitlab.com/l3montree/cryptogotchi/clodhopper/graph/generated/generated.go:219.3,219.66 1 0
gitlab.com/l3montree/cryptogotchi/clodhopper/graph/generated/generated.go:221.32,222.49 1 0
gitlab.com/l3montree/cryptogotchi/clodhopper/graph/generated/generated.go:226.3,226.68 1 0
gitlab.com/l3montree/cryptogotchi/clodhopper/graph/generated/generated.go:228.25,229.42 1 0
gitlab.com/l3montree/cryptogotchi/clodhopper/graph/generated/generated.go:233.3,233.61 1 0
gitlab.com/l3montree/cryptogotchi/clodhopper/graph/generated/generated.go:235.30,236.47 1 0
gitlab.com/l3montree/cryptogotchi/clodhopper/graph/generated/generated.go:240.3,240.66 1 0
gitlab.com/l3montree/cryptogotchi/clodhopper/graph/generated/generated.go:242.18,243.35 1 0
gitlab.com/l3montree/cryptogotchi/clodhopper/graph/generated/generated.go:247.3,247.54 1 0
gitlab.com/l3montree/cryptogotchi/clodhopper/graph/generated/generated.go:249.23,250.40 1 0
gitlab.com/l3montree/cryptogotchi/clodhopper/graph/generated/generated.go:254.3,254.59 1 0
gitlab.com/l3montree/cryptogotchi/clodhopper/graph/generated/generated.go:256.20,257.37 1 0
gitlab.com/l3montree/cryptogotchi/clodhopper/graph/generated/generated.go:261.3,261.56 1 0
gitlab.com/l3montree/cryptogotchi/clodhopper/graph/generated/generated.go:263.25,264.42 1 0
gitlab.com/l3montree/cryptogotchi/clodhopper/graph/generated/generated.go:268.3,268.61 1 0
gitlab.com/l3montree/cryptogotchi/clodhopper/graph/generated/generated.go:270.33,271.50 1 0
gitlab.com/l3montree/cryptogotchi/clodhopper/graph/generated/generated.go:275.3,275.69 1 0
gitlab.com/l3montree/cryptogotchi/clodhopper/graph/generated/generated.go:277.31,278.48 1 0
gitlab.com/l3montree/cryptogotchi/clodhopper/graph/generated/generated.go:282.3,282.67 1 0
gitlab.com/l3montree/cryptogotchi/clodhopper/graph/generated/generated.go:284.21,285.38 1 0
gitlab.com/l3montree/cryptogotchi/clodhopper/graph/generated/generated.go:289.3,289.57 1 0
gitlab.com/l3montree/cryptogotchi/clodhopper/graph/generated/generated.go:291.24,292.41 1 0
gitlab.com/l3montree/cryptogotchi/clodhopper/graph/generated/generated.go:296.3,296.60 1 0
gitlab.com/l3montree/cryptogotchi/clodhopper/graph/generated/generated.go:298.23,299.40 1 0
gitlab.com/l3montree/cryptogotchi/clodhopper/graph/generated/generated.go:303.3,303.59 1 0
gitlab.com/l3montree/cryptogotchi/clodhopper/graph/generated/generated.go:305.33,306.50 1 0
gitlab.com/l3montree/cryptogotchi/clodhopper/graph/generated/generated.go:310.3,311.17 2 0
gitlab.com/l3montree/cryptogotchi/clodhopper/graph/generated/generated.go:315.3,315.101 1 0
gitlab.com/l3montree/cryptogotchi/clodhopper/graph/generated/generated.go:317.30,318.47 1 0
gitlab.com/l3montree/cryptogotchi/clodhopper/graph/generated/generated.go:322.3,322.66 1 0
gitlab.com/l3montree/cryptogotchi/clodhopper/graph/generated/generated.go:324.20,325.37 1 0
gitlab.com/l3montree/cryptogotchi/clodhopper/graph/generated/generated.go:329.3,329.56 1 0
gitlab.com/l3montree/cryptogotchi/clodhopper/graph/generated/generated.go:331.24,332.41 1 0
gitlab.com/l3montree/cryptogotchi/clodhopper/graph/generated/generated.go:336.3,336.60 1 0
gitlab.com/l3montree/cryptogotchi/clodhopper/graph/generated/generated.go:338.29,339.46 1 0
gitlab.com/l3montree/cryptogotchi/clodhopper/graph/generated/generated.go:343.3,343.65 1 0
gitlab.com/l3montree/cryptogotchi/clodhopper/graph/generated/generated.go:345.17,346.34 1 0
gitlab.com/l3montree/cryptogotchi/clodhopper/graph/generated/generated.go:350.3,350.53 1 0
gitlab.com/l3montree/cryptogotchi/clodhopper/graph/generated/generated.go:352.19,353.36 1 0
gitlab.com/l3montree/cryptogotchi/clodhopper/graph/generated/generated.go:357.3,357.55 1 0
gitlab.com/l3montree/cryptogotchi/clodhopper/graph/generated/generated.go:359.24,360.41 1 0
gitlab.com/l3montree/cryptogotchi/clodhopper/graph/generated/generated.go:364.3,364.60 1 0
gitlab.com/l3montree/cryptogotchi/clodhopper/graph/generated/generated.go:145.49,146.9 1 0
gitlab.com/l3montree/cryptogotchi/clodhopper/graph/generated/generated.go:152.49,153.9 1 0
gitlab.com/l3montree/cryptogotchi/clodhopper/graph/generated/generated.go:159.46,160.9 1 0
gitlab.com/l3montree/cryptogotchi/clodhopper/graph/generated/generated.go:166.44,167.9 1 0
gitlab.com/l3montree/cryptogotchi/clodhopper/graph/generated/generated.go:173.43,174.9 1 0
gitlab.com/l3montree/cryptogotchi/clodhopper/graph/generated/generated.go:180.49,181.9 1 0
gitlab.com/l3montree/cryptogotchi/clodhopper/graph/generated/generated.go:187.42,188.9 1 0
gitlab.com/l3montree/cryptogotchi/clodhopper/graph/generated/generated.go:194.47,195.9 1 0
gitlab.com/l3montree/cryptogotchi/clodhopper/graph/generated/generated.go:201.44,202.9 1 0
gitlab.com/l3montree/cryptogotchi/clodhopper/graph/generated/generated.go:208.47,209.9 1 0
gitlab.com/l3montree/cryptogotchi/clodhopper/graph/generated/generated.go:215.47,216.9 1 0
gitlab.com/l3montree/cryptogotchi/clodhopper/graph/generated/generated.go:222.49,223.9 1 0
gitlab.com/l3montree/cryptogotchi/clodhopper/graph/generated/generated.go:229.42,230.9 1 0
gitlab.com/l3montree/cryptogotchi/clodhopper/graph/generated/generated.go:236.47,237.9 1 0
gitlab.com/l3montree/cryptogotchi/clodhopper/graph/generated/generated.go:243.35,244.9 1 0
gitlab.com/l3montree/cryptogotchi/clodhopper/graph/generated/generated.go:250.40,251.9 1 0
gitlab.com/l3montree/cryptogotchi/clodhopper/graph/generated/generated.go:257.37,258.9 1 0
gitlab.com/l3montree/cryptogotchi/clodhopper/graph/generated/generated.go:264.42,265.9 1 0
gitlab.com/l3montree/cryptogotchi/clodhopper/graph/generated/generated.go:271.50,272.9 1 0
gitlab.com/l3montree/cryptogotchi/clodhopper/graph/generated/generated.go:278.48,279.9 1 0
gitlab.com/l3montree/cryptogotchi/clodhopper/graph/generated/generated.go:285.38,286.9 1 0
gitlab.com/l3montree/cryptogotchi/clodhopper/graph/generated/generated.go:292.41,293.9 1 0
gitlab.com/l3montree/cryptogotchi/clodhopper/graph/generated/generated.go:299.40,300.9 1 0
gitlab.com/l3montree/cryptogotchi/clodhopper/graph/generated/generated.go:306.50,307.9 1 0
gitlab.com/l3montree/cryptogotchi/clodhopper/graph/generated/generated.go:311.17,313.4 1 0
gitlab.com/l3montree/cryptogotchi/clodhopper/graph/generated/generated.go:318.47,319.9 1 0
gitlab.com/l3montree/cryptogotchi/clodhopper/graph/generated/generated.go:325.37,326.9 1 0
gitlab.com/l3montree/cryptogotchi/clodhopper/graph/generated/generated.go:332.41,333.9 1 0
gitlab.com/l3montree/cryptogotchi/clodhopper/graph/generated/generated.go:339.46,340.9 1 0
gitlab.com/l3montree/cryptogotchi/clodhopper/graph/generated/generated.go:346.34,347.9 1 0
gitlab.com/l3montree/cryptogotchi/clodhopper/graph/generated/generated.go:353.36,354.9 1 0
gitlab.com/l3montree/cryptogotchi/clodhopper/graph/generated/generated.go:360.41,361.9 1 0
gitlab.com/l3montree/cryptogotchi/clodhopper/graph/generated/generated.go:370.78,375.32 4 0
gitlab.com/l3montree/cryptogotchi/clodhopper/graph/generated/generated.go:376.17,377.54 1 0
gitlab.com/l3montree/cryptogotchi/clodhopper/graph/generated/generated.go:390.20,391.54 1 0
gitlab.com/l3montree/cryptogotchi/clodhopper/graph/generated/generated.go:405.10,406.86 1 0
gitlab.com/l3montree/cryptogotchi/clodhopper/graph/generated/generated.go:377.54,378.14 1 0
gitlab.com/l3montree/cryptogotchi/clodhopper/graph/generated/generated.go:381.4,388.5 5 0
gitlab.com/l3montree/cryptogotchi/clodhopper/graph/generated/generated.go:378.14,380.5 1 0
gitlab.com/l3montree/cryptogotchi/clodhopper/graph/generated/generated.go:391.54,392.14 1 0
gitlab.com/l3montree/cryptogotchi/clodhopper/graph/generated/generated.go:395.4,402.5 5 0
gitlab.com/l3montree/cryptogotchi/clodhopper/graph/generated/generated.go:392.14,394.5 1 0
gitlab.com/l3montree/cryptogotchi/clodhopper/graph/generated/generated.go:415.79,416.29 1 0
gitlab.com/l3montree/cryptogotchi/clodhopper/graph/generated/generated.go:419.2,419.52 1 0
gitlab.com/l3montree/cryptogotchi/clodhopper/graph/generated/generated.go:416.29,418.3 1 0
gitlab.com/l3montree/cryptogotchi/clodhopper/graph/generated/generated.go:422.86,423.29 1 0
gitlab.com/l3montree/cryptogotchi/clodhopper/graph/generated/generated.go:426.2,426.83 1 0
gitlab.com/l3montree/cryptogotchi/clodhopper/graph/generated/generated.go:423.29,425.3 1 0
gitlab.com/l3montree/cryptogotchi/clodhopper/graph/generated/generated.go:506.149,510.37 4 0
gitlab.com/l3montree/cryptogotchi/clodhopper/graph/generated/generated.go:517.2,518.18 2 0
gitlab.com/l3montree/cryptogotchi/clodhopper/graph/generated/generated.go:510.37,513.17 3 0
gitlab.com/l3montree/cryptogotchi/clodhopper/graph/generated/generated.go:513.17,515.4 1 0
gitlab.com/l3montree/cryptogotchi/clodhopper/graph/generated/generated.go:521.138,525.36 4 0
gitlab.com/l3montree/cryptogotchi/clodhopper/graph/generated/generated.go:532.2,533.18 2 0
gitlab.com/l3montree/cryptogotchi/clodhopper/graph/generated/generated.go:525.36,528.17 3 0
gitlab.com/l3montree/cryptogotchi/clodhopper/graph/generated/generated.go:528.17,530.4 1 0
gitlab.com/l3montree/cryptogotchi/clodhopper/graph/generated/generated.go:536.143,540.49 4 0
gitlab.com/l3montree/cryptogotchi/clodhopper/graph/generated/generated.go:547.2,548.18 2 0
gitlab.com/l3montree/cryptogotchi/clodhopper/graph/generated/generated.go:540.49,543.17 3 0
gitlab.com/l3montree/cryptogotchi/clodhopper/graph/generated/generated.go:543.17,545.4 1 0
gitlab.com/l3montree/cryptogotchi/clodhopper/graph/generated/generated.go:551.139,555.49 4 0
gitlab.com/l3montree/cryptogotchi/clodhopper/graph/generated/generated.go:562.2,563.18 2 0
gitlab.com/l3montree/cryptogotchi/clodhopper/graph/generated/generated.go:555.49,558.17 3 0
gitlab.com/l3montree/cryptogotchi/clodhopper/graph/generated/generated.go:558.17,560.4 1 0
gitlab.com/l3montree/cryptogotchi/clodhopper/graph/generated/generated.go:574.147,575.15 1 0
gitlab.com/l3montree/cryptogotchi/clodhopper/graph/generated/generated.go:581.2,590.92 3 0
gitlab.com/l3montree/cryptogotchi/clodhopper/graph/generated/generated.go:594.2,594.16 1 0
gitlab.com/l3montree/cryptogotchi/clodhopper/graph/generated/generated.go:598.2,598.19 1 0
gitlab.com/l3montree/cryptogotchi/clodhopper/graph/generated/generated.go:604.2,606.57 3 0
gitlab.com/l3montree/cryptogotchi/clodhopper/graph/generated/generated.go:575.15,576.31 1 0
gitlab.com/l3montree/cryptogotchi/clodhopper/graph/generated/generated.go:576.31,579.4 2 0
gitlab.com/l3montree/cryptogotchi/clodhopper/graph/generated/generated.go:590.92,593.3 2 0
gitlab.com/l3montree/cryptogotchi/clodhopper/graph/generated/generated.go:594.16,597.3 2 0
gitlab.com/l3montree/cryptogotchi/clodhopper/graph/generated/generated.go:598.19,599.38 1 0
gitlab.com/l3montree/cryptogotchi/clodhopper/graph/generated/generated.go:602.3,602.22 1 0
gitlab.com/l3montree/cryptogotchi/clodhopper/graph/generated/generated.go:599.38,601.4 1 0
gitlab.com/l3montree/cryptogotchi/clodhopper/graph/generated/generated.go:609.152,610.15 1 0
gitlab.com/l3montree/cryptogotchi/clodhopper/graph/generated/generated.go:616.2,625.92 3 0
gitlab.com/l3montree/cryptogotchi/clodhopper/graph/generated/generated.go:629.2,629.16 1 0
gitlab.com/l3montree/cryptogotchi/clodhopper/graph/generated/generated.go:633.2,633.19 1 0
gitlab.com/l3montree/cryptogotchi/clodhopper/graph/generated/generated.go:639.2,641.60 3 0
gitlab.com/l3montree/cryptogotchi/clodhopper/graph/generated/generated.go:610.15,611.31 1 0
gitlab.com/l3montree/cryptogotchi/clodhopper/graph/generated/generated.go:611.31,614.4 2 0
gitlab.com/l3montree/cryptogotchi/clodhopper/graph/generated/generated.go:625.92,628.3 2 0
gitlab.com/l3montree/cryptogotchi/clodhopper/graph/generated/generated.go:629.16,632.3 2 0
gitlab.com/l3montree/cryptogotchi/clodhopper/graph/generated/generated.go:633.19,634.38 1 0
gitlab.com/l3montree/cryptogotchi/clodhopper/graph/generated/generated.go:637.3,637.22 1 0
gitlab.com/l3montree/cryptogotchi/clodhopper/graph/generated/generated.go:634.38,636.4 1 0
gitlab.com/l3montree/cryptogotchi/clodhopper/graph/generated/generated.go:644.149,645.15 1 0
gitlab.com/l3montree/cryptogotchi/clodhopper/graph/generated/generated.go:651.2,660.92 3 0
gitlab.com/l3montree/cryptogotchi/clodhopper/graph/generated/generated.go:664.2,664.16 1 0
gitlab.com/l3montree/cryptogotchi/clodhopper/graph/generated/generated.go:668.2,668.19 1 0
gitlab.com/l3montree/cryptogotchi/clodhopper/graph/generated/generated.go:674.2,676.61 3 0
gitlab.com/l3montree/cryptogotchi/clodhopper/graph/generated/generated.go:645.15,646.31 1 0
gitlab.com/l3montree/cryptogotchi/clodhopper/graph/generated/generated.go:646.31,649.4 2 0
gitlab.com/l3montree/cryptogotchi/clodhopper/graph/generated/generated.go:660.92,663.3 2 0
gitlab.com/l3montree/cryptogotchi/clodhopper/graph/generated/generated.go:664.16,667.3 2 0
gitlab.com/l3montree/cryptogotchi/clodhopper/graph/generated/generated.go:668.19,669.38 1 0
gitlab.com/l3montree/cryptogotchi/clodhopper/graph/generated/generated.go:672.3,672.22 1 0
gitlab.com/l3montree/cryptogotchi/clodhopper/graph/generated/generated.go:669.38,671.4 1 0
gitlab.com/l3montree/cryptogotchi/clodhopper/graph/generated/generated.go:679.154,680.15 1 0
gitlab.com/l3montree/cryptogotchi/clodhopper/graph/generated/generated.go:686.2,695.92 3 0
gitlab.com/l3montree/cryptogotchi/clodhopper/graph/generated/generated.go:699.2,699.16 1 0
gitlab.com/l3montree/cryptogotchi/clodhopper/graph/generated/generated.go:703.2,703.19 1 0
gitlab.com/l3montree/cryptogotchi/clodhopper/graph/generated/generated.go:709.2,711.61 3 0
gitlab.com/l3montree/cryptogotchi/clodhopper/graph/generated/generated.go:680.15,681.31 1 0
gitlab.com/l3montree/cryptogotchi/clodhopper/graph/generated/generated.go:681.31,684.4 2 0
gitlab.com/l3montree/cryptogotchi/clodhopper/graph/generated/generated.go:695.92,698.3 2 0
gitlab.com/l3montree/cryptogotchi/clodhopper/graph/generated/generated.go:699.16,702.3 2 0
gitlab.com/l3montree/cryptogotchi/clodhopper/graph/generated/generated.go:703.19,704.38 1 0
gitlab.com/l3montree/cryptogotchi/clodhopper/graph/generated/generated.go:707.3,707.22 1 0
gitlab.com/l3montree/cryptogotchi/clodhopper/graph/generated/generated.go:704.38,706.4 1 0
gitlab.com/l3montree/cryptogotchi/clodhopper/graph/generated/generated.go:714.148,715.15 1 0
gitlab.com/l3montree/cryptogotchi/clodhopper/graph/generated/generated.go:721.2,730.92 3 0
gitlab.com/l3montree/cryptogotchi/clodhopper/graph/generated/generated.go:734.2,734.16 1 0
gitlab.com/l3montree/cryptogotchi/clodhopper/graph/generated/generated.go:738.2,738.19 1 0
gitlab.com/l3montree/cryptogotchi/clodhopper/graph/generated/generated.go:744.2,746.61 3 0
gitlab.com/l3montree/cryptogotchi/clodhopper/graph/generated/generated.go:715.15,716.31 1 0
gitlab.com/l3montree/cryptogotchi/clodhopper/graph/generated/generated.go:716.31,719.4 2 0
gitlab.com/l3montree/cryptogotchi/clodhopper/graph/generated/generated.go:730.92,733.3 2 0
gitlab.com/l3montree/cryptogotchi/clodhopper/graph/generated/generated.go:734.16,737.3 2 0
gitlab.com/l3montree/cryptogotchi/clodhopper/graph/generated/generated.go:738.19,739.38 1 0
gitlab.com/l3montree/cryptogotchi/clodhopper/graph/generated/generated.go:742.3,742.22 1 0
gitlab.com/l3montree/cryptogotchi/clodhopper/graph/generated/generated.go:739.38,741.4 1 0
gitlab.com/l3montree/cryptogotchi/clodhopper/graph/generated/generated.go:749.149,750.15 1 0
gitlab.com/l3montree/cryptogotchi/clodhopper/graph/generated/generated.go:756.2,765.92 3 0
gitlab.com/l3montree/cryptogotchi/clodhopper/graph/generated/generated.go:769.2,769.16 1 0
gitlab.com/l3montree/cryptogotchi/clodhopper/graph/generated/generated.go:773.2,773.19 1 0
gitlab.com/l3montree/cryptogotchi/clodhopper/graph/generated/generated.go:779.2,781.61 3 0
gitlab.com/l3montree/cryptogotchi/clodhopper/graph/generated/generated.go:750.15,751.31 1 0
gitlab.com/l3montree/cryptogotchi/clodhopper/graph/generated/generated.go:751.31,754.4 2 0
gitlab.com/l3montree/cryptogotchi/clodhopper/graph/generated/generated.go:765.92,768.3 2 0
gitlab.com/l3montree/cryptogotchi/clodhopper/graph/generated/generated.go:769.16,772.3 2 0
gitlab.com/l3montree/cryptogotchi/clodhopper/graph/generated/generated.go:773.19,774.38 1 0
gitlab.com/l3montree/cryptogotchi/clodhopper/graph/generated/generated.go:777.3,777.22 1 0
gitlab.com/l3montree/cryptogotchi/clodhopper/graph/generated/generated.go:774.38,776.4 1 0
gitlab.com/l3montree/cryptogotchi/clodhopper/graph/generated/generated.go:784.152,785.15 1 0
gitlab.com/l3montree/cryptogotchi/clodhopper/graph/generated/generated.go:791.2,800.92 3 0
gitlab.com/l3montree/cryptogotchi/clodhopper/graph/generated/generated.go:804.2,804.16 1 0
gitlab.com/l3montree/cryptogotchi/clodhopper/graph/generated/generated.go:808.2,808.19 1 0
gitlab.com/l3montree/cryptogotchi/clodhopper/graph/generated/generated.go:814.2,816.61 3 0
gitlab.com/l3montree/cryptogotchi/clodhopper/graph/generated/generated.go:785.15,786.31 1 0
gitlab.com/l3montree/cryptogotchi/clodhopper/graph/generated/generated.go:786.31,789.4 2 0
gitlab.com/l3montree/cryptogotchi/clodhopper/graph/generated/generated.go:800.92,803.3 2 0
gitlab.com/l3montree/cryptogotchi/clodhopper/graph/generated/generated.go:804.16,807.3 2 0
gitlab.com/l3montree/cryptogotchi/clodhopper/graph/generated/generated.go:808.19,809.38 1 0
gitlab.com/l3montree/cryptogotchi/clodhopper/graph/generated/generated.go:812.3,812.22 1 0
gitlab.com/l3montree/cryptogotchi/clodhopper/graph/generated/generated.go:809.38,811.4 1 0
gitlab.com/l3montree/cryptogotchi/clodhopper/graph/generated/generated.go:819.151,820.15 1 0
gitlab.com/l3montree/cryptogotchi/clodhopper/graph/generated/generated.go:826.2,835.92 3 0
gitlab.com/l3montree/cryptogotchi/clodhopper/graph/generated/generated.go:839.2,839.16 1 0
gitlab.com/l3montree/cryptogotchi/clodhopper/graph/generated/generated.go:843.2,843.19 1 0
gitlab.com/l3montree/cryptogotchi/clodhopper/graph/generated/generated.go:849.2,851.140 3 0
gitlab.com/l3montree/cryptogotchi/clodhopper/graph/generated/generated.go:820.15,821.31 1 0
gitlab.com/l3montree/cryptogotchi/clodhopper/graph/generated/generated.go:821.31,824.4 2 0
gitlab.com/l3montree/cryptogotchi/clodhopper/graph/generated/generated.go:835.92,838.3 2 0
gitlab.com/l3montree/cryptogotchi/clodhopper/graph/generated/generated.go:839.16,842.3 2 0
gitlab.com/l3montree/cryptogotchi/clodhopper/graph/generated/generated.go:843.19,844.38 1 0
gitlab.com/l3montree/cryptogotchi/clodhopper/graph/generated/generated.go:847.3,847.22 1 0
gitlab.com/l3montree/cryptogotchi/clodhopper/graph/generated/generated.go:844.38,846.4 1 0
gitlab.com/l3montree/cryptogotchi/clodhopper/graph/generated/generated.go:854.152,855.15 1 0
gitlab.com/l3montree/cryptogotchi/clodhopper/graph/generated/generated.go:861.2,870.92 3 0
gitlab.com/l3montree/cryptogotchi/clodhopper/graph/generated/generated.go:874.2,874.16 1 0
gitlab.com/l3montree/cryptogotchi/clodhopper/graph/generated/generated.go:878.2,878.19 1 0
gitlab.com/l3montree/cryptogotchi/clodhopper/graph/generated/generated.go:884.2,886.61 3 0
gitlab.com/l3montree/cryptogotchi/clodhopper/graph/generated/generated.go:855.15,856.31 1 0
gitlab.com/l3montree/cryptogotchi/clodhopper/graph/generated/generated.go:856.31,859.4 2 0
gitlab.com/l3montree/cryptogotchi/clodhopper/graph/generated/generated.go:870.92,873.3 2 0
gitlab.com/l3montree/cryptogotchi/clodhopper/graph/generated/generated.go:874.16,877.3 2 0
gitlab.com/l3montree/cryptogotchi/clodhopper/graph/generated/generated.go:878.19,879.38 1 0
gitlab.com/l3montree/cryptogotchi/clodhopper/graph/generated/generated.go:882.3,882.22 1 0
gitlab.com/l3montree/cryptogotchi/clodhopper/graph/generated/generated.go:879.38,881.4 1 0
gitlab.com/l3montree/cryptogotchi/clodhopper/graph/generated/generated.go:889.154,890.15 1 0
gitlab.com/l3montree/cryptogotchi/clodhopper/graph/generated/generated.go:896.2,905.92 3 0
gitlab.com/l3montree/cryptogotchi/clodhopper/graph/generated/generated.go:909.2,909.16 1 0
gitlab.com/l3montree/cryptogotchi/clodhopper/graph/generated/generated.go:913.2,913.19 1 0
gitlab.com/l3montree/cryptogotchi/clodhopper/graph/generated/generated.go:919.2,921.64 3 0
gitlab.com/l3montree/cryptogotchi/clodhopper/graph/generated/generated.go:890.15,891.31 1 0
gitlab.com/l3montree/cryptogotchi/clodhopper/graph/generated/generated.go:891.31,894.4 2 0
gitlab.com/l3montree/cryptogotchi/clodhopper/graph/generated/generated.go:905.92,908.3 2 0
gitlab.com/l3montree/cryptogotchi/clodhopper/graph/generated/generated.go:909.16,912.3 2 0
gitlab.com/l3montree/cryptogotchi/clodhopper/graph/generated/generated.go:913.19,914.38 1 0
gitlab.com/l3montree/cryptogotchi/clodhopper/graph/generated/generated.go:917.3,917.22 1 0
gitlab.com/l3montree/cryptogotchi/clodhopper/graph/generated/generated.go:914.38,916.4 1 0
gitlab.com/l3montree/cryptogotchi/clodhopper/graph/generated/generated.go:924.154,925.15 1 0
gitlab.com/l3montree/cryptogotchi/clodhopper/graph/generated/generated.go:931.2,940.92 3 0
gitlab.com/l3montree/cryptogotchi/clodhopper/graph/generated/generated.go:944.2,944.16 1 0
gitlab.com/l3montree/cryptogotchi/clodhopper/graph/generated/generated.go:948.2,948.19 1 0
gitlab.com/l3montree/cryptogotchi/clodhopper/graph/generated/generated.go:954.2,956.64 3 0
gitlab.com/l3montree/cryptogotchi/clodhopper/graph/generated/generated.go:925.15,926.31 1 0
gitlab.com/l3montree/cryptogotchi/clodhopper/graph/generated/generated.go:926.31,929.4 2 0
gitlab.com/l3montree/cryptogotchi/clodhopper/graph/generated/generated.go:940.92,943.3 2 0
gitlab.com/l3montree/cryptogotchi/clodhopper/graph/generated/generated.go:944.16,947.3 2 0
gitlab.com/l3montree/cryptogotchi/clodhopper/graph/generated/generated.go:948.19,949.38 1 0
gitlab.com/l3montree/cryptogotchi/clodhopper/graph/generated/generated.go:952.3,952.22 1 0
gitlab.com/l3montree/cryptogotchi/clodhopper/graph/generated/generated.go:949.38,951.4 1 0
gitlab.com/l3montree/cryptogotchi/clodhopper/graph/generated/generated.go:959.154,960.15 1 0
gitlab.com/l3montree/cryptogotchi/clodhopper/graph/generated/generated.go:966.2,975.92 3 0
gitlab.com/l3montree/cryptogotchi/clodhopper/graph/generated/generated.go:979.2,979.16 1 0
gitlab.com/l3montree/cryptogotchi/clodhopper/graph/generated/generated.go:983.2,983.19 1 0
gitlab.com/l3montree/cryptogotchi/clodhopper/graph/generated/generated.go:986.2,988.143 3 0
gitlab.com/l3montree/cryptogotchi/clodhopper/graph/generated/generated.go:960.15,961.31 1 0
gitlab.com/l3montree/cryptogotchi/clodhopper/graph/generated/generated.go:961.31,964.4 2 0
gitlab.com/l3montree/cryptogotchi/clodhopper/graph/generated/generated.go:975.92,978.3 2 0
gitlab.com/l3montree/cryptogotchi/clodhopper/graph/generated/generated.go:979.16,982.3 2 0
gitlab.com/l3montree/cryptogotchi/clodhopper/graph/generated/generated.go:983.19,985.3 1 0
gitlab.com/l3montree/cryptogotchi/clodhopper/graph/generated/generated.go:991.133,992.15 1 0
gitlab.com/l3montree/cryptogotchi/clodhopper/graph/generated/generated.go:998.2,1007.92 3 0
gitlab.com/l3montree/cryptogotchi/clodhopper/graph/generated/generated.go:1011.2,1011.16 1 0
gitlab.com/l3montree/cryptogotchi/clodhopper/graph/generated/generated.go:1015.2,1015.19 1 0
gitlab.com/l3montree/cryptogotchi/clodhopper/graph/generated/generated.go:1021.2,1023.57 3 0
gitlab.com/l3montree/cryptogotchi/clodhopper/graph/generated/generated.go:992.15,993.31 1 0
gitlab.com/l3montree/cryptogotchi/clodhopper/graph/generated/generated.go:993.31,996.4 2 0
gitlab.com/l3montree/cryptogotchi/clodhopper/graph/generated/generated.go:1007.92,1010.3 2 0
gitlab.com/l3montree/cryptogotchi/clodhopper/graph/generated/generated.go:1011.16,1014.3 2 0
gitlab.com/l3montree/cryptogotchi/clodhopper/graph/generated/generated.go:1015.19,1016.38 1 0
gitlab.com/l3montree/cryptogotchi/clodhopper/graph/generated/generated.go:1019.3,1019.22 1 0
gitlab.com/l3montree/cryptogotchi/clodhopper/graph/generated/generated.go:1016.38,1018.4 1 0
gitlab.com/l3montree/cryptogotchi/clodhopper/graph/generated/generated.go:1026.135,1027.15 1 0
gitlab.com/l3montree/cryptogotchi/clodhopper/graph/generated/generated.go:1033.2,1042.92 3 0
gitlab.com/l3montree/cryptogotchi/clodhopper/graph/generated/generated.go:1046.2,1046.16 1 0
gitlab.com/l3montree/cryptogotchi/clodhopper/graph/generated/generated.go:1050.2,1050.19 1 0
gitlab.com/l3montree/cryptogotchi/clodhopper/graph/generated/generated.go:1056.2,1058.61 3 0
gitlab.com/l3montree/cryptogotchi/clodhopper/graph/generated/generated.go:1027.15,1028.31 1 0
gitlab.com/l3montree/cryptogotchi/clodhopper/graph/generated/generated.go:1028.31,1031.4 2 0
gitlab.com/l3montree/cryptogotchi/clodhopper/graph/generated/generated.go:1042.92,1045.3 2 0
gitlab.com/l3montree/cryptogotchi/clodhopper/graph/generated/generated.go:1046.16,1049.3 2 0
gitlab.com/l3montree/cryptogotchi/clodhopper/graph/generated/generated.go:1050.19,1051.38 1 0
gitlab.com/l3montree/cryptogotchi/clodhopper/graph/generated/generated.go:1054.3,1054.22 1 0
gitlab.com/l3montree/cryptogotchi/clodhopper/graph/generated/generated.go:1051.38,1053.4 1 0
gitlab.com/l3montree/cryptogotchi/clodhopper/graph/generated/generated.go:1061.138,1062.15 1 0
gitlab.com/l3montree/cryptogotchi/clodhopper/graph/generated/generated.go:1068.2,1077.92 3 0
gitlab.com/l3montree/cryptogotchi/clodhopper/graph/generated/generated.go:1081.2,1081.16 1 0
gitlab.com/l3montree/cryptogotchi/clodhopper/graph/generated/generated.go:1085.2,1085.19 1 0
gitlab.com/l3montree/cryptogotchi/clodhopper/graph/generated/generated.go:1091.2,1093.55 3 0
gitlab.com/l3montree/cryptogotchi/clodhopper/graph/generated/generated.go:1062.15,1063.31 1 0
gitlab.com/l3montree/cryptogotchi/clodhopper/graph/generated/generated.go:1063.31,1066.4 2 0
gitlab.com/l3montree/cryptogotchi/clodhopper/graph/generated/generated.go:1077.92,1080.3 2 0
gitlab.com/l3montree/cryptogotchi/clodhopper/graph/generated/generated.go:1081.16,1084.3 2 0
gitlab.com/l3montree/cryptogotchi/clodhopper/graph/generated/generated.go:1085.19,1086.38 1 0
gitlab.com/l3montree/cryptogotchi/clodhopper/graph/generated/generated.go:1089.3,1089.22 1 0
gitlab.com/l3montree/cryptogotchi/clodhopper/graph/generated/generated.go:1086.38,1088.4 1 0
gitlab.com/l3montree/cryptogotchi/clodhopper/graph/generated/generated.go:1096.140,1097.15 1 0
gitlab.com/l3montree/cryptogotchi/clodhopper/graph/generated/generated.go:1103.2,1112.92 3 0
gitlab.com/l3montree/cryptogotchi/clodhopper/graph/generated/generated.go:1116.2,1116.16 1 0
gitlab.com/l3montree/cryptogotchi/clodhopper/graph/generated/generated.go:1120.2,1120.19 1 0
gitlab.com/l3montree/cryptogotchi/clodhopper/graph/generated/generated.go:1126.2,1128.64 3 0
gitlab.com/l3montree/cryptogotchi/clodhopper/graph/generated/generated.go:1097.15,1098.31 1 0
gitlab.com/l3montree/cryptogotchi/clodhopper/graph/generated/generated.go:1098.31,1101.4 2 0
gitlab.com/l3montree/cryptogotchi/clodhopper/graph/generated/generated.go:1112.92,1115.3 2 0
gitlab.com/l3montree/cryptogotchi/clodhopper/graph/generated/generated.go:1116.16,1119.3 2 0
gitlab.com/l3montree/cryptogotchi/clodhopper/graph/generated/generated.go:1120.19,1121.38 1 0
gitlab.com/l3montree/cryptogotchi/clodhopper/graph/generated/generated.go:1124.3,1124.22 1 0
gitlab.com/l3montree/cryptogotchi/clodhopper/graph/generated/generated.go:1121.38,1123.4 1 0
gitlab.com/l3montree/cryptogotchi/clodhopper/graph/generated/generated.go:1131.140,1132.15 1 0
gitlab.com/l3montree/cryptogotchi/clodhopper/graph/generated/generated.go:1138.2,1147.92 3 0
gitlab.com/l3montree/cryptogotchi/clodhopper/graph/generated/generated.go:1151.2,1151.16 1 0
gitlab.com/l3montree/cryptogotchi/clodhopper/graph/generated/generated.go:1155.2,1155.19 1 0
gitlab.com/l3montree/cryptogotchi/clodhopper/graph/generated/generated.go:1161.2,1163.64 3 0
gitlab.com/l3montree/cryptogotchi/clodhopper/graph/generated/generated.go:1132.15,1133.31 1 0
gitlab.com/l3montree/cryptogotchi/clodhopper/graph/generated/generated.go:1133.31,1136.4 2 0
gitlab.com/l3montree/cryptogotchi/clodhopper/graph/generated/generated.go:1147.92,1150.3 2 0
gitlab.com/l3montree/cryptogotchi/clodhopper/graph/generated/generated.go:1151.16,1154.3 2 0
gitlab.com/l3montree/cryptogotchi/clodhopper/graph/generated/generated.go:1155.19,1156.38 1 0
gitlab.com/l3montree/cryptogotchi/clodhopper/graph/generated/generated.go:1159.3,1159.22 1 0
gitlab.com/l3montree/cryptogotchi/clodhopper/graph/generated/generated.go:1156.38,1158.4 1 0
gitlab.com/l3montree/cryptogotchi/clodhopper/graph/generated/generated.go:1166.145,1167.15 1 0
gitlab.com/l3montree/cryptogotchi/clodhopper/graph/generated/generated.go:1173.2,1182.92 3 0
gitlab.com/l3montree/cryptogotchi/clodhopper/graph/generated/generated.go:1186.2,1186.16 1 0
gitlab.com/l3montree/cryptogotchi/clodhopper/graph/generated/generated.go:1190.2,1190.19 1 0
gitlab.com/l3montree/cryptogotchi/clodhopper/graph/generated/generated.go:1196.2,1198.61 3 0
gitlab.com/l3montree/cryptogotchi/clodhopper/graph/generated/generated.go:1167.15,1168.31 1 0
gitlab.com/l3montree/cryptogotchi/clodhopper/graph/generated/generated.go:1168.31,1171.4 2 0
gitlab.com/l3montree/cryptogotchi/clodhopper/graph/generated/generated.go:1182.92,1185.3 2 0
gitlab.com/l3montree/cryptogotchi/clodhopper/graph/generated/generated.go:1186.16,1189.3 2 0
gitlab.com/l3montree/cryptogotchi/clodhopper/graph/generated/generated.go:1190.19,1191.38 1 0
gitlab.com/l3montree/cryptogotchi/clodhopper/graph/generated/generated.go:1194.3,1194.22 1 0
gitlab.com/l3montree/cryptogotchi/clodhopper/graph/generated/generated.go:1191.38,1193.4 1 0
gitlab.com/l3montree/cryptogotchi/clodhopper/graph/generated/generated.go:1201.139,1202.15 1 0
gitlab.com/l3montree/cryptogotchi/clodhopper/graph/generated/generated.go:1208.2,1217.92 3 0
gitlab.com/l3montree/cryptogotchi/clodhopper/graph/generated/generated.go:1221.2,1221.16 1 0
gitlab.com/l3montree/cryptogotchi/clodhopper/graph/generated/generated.go:1225.2,1225.19 1 0
gitlab.com/l3montree/cryptogotchi/clodhopper/graph/generated/generated.go:1231.2,1233.57 3 0
gitlab.com/l3montree/cryptogotchi/clodhopper/graph/generated/generated.go:1202.15,1203.31 1 0
gitlab.com/l3montree/cryptogotchi/clodhopper/graph/generated/generated.go:1203.31,1206.4 2 0
gitlab.com/l3montree/cryptogotchi/clodhopper/graph/generated/generated.go:1217.92,1220.3 2 0
gitlab.com/l3montree/cryptogotchi/clodhopper/graph/generated/generated.go:1221.16,1224.3 2 0
gitlab.com/l3montree/cryptogotchi/clodhopper/graph/generated/generated.go:1225.19,1226.38 1 0
gitlab.com/l3montree/cryptogotchi/clodhopper/graph/generated/generated.go:1229.3,1229.22 1 0
gitlab.com/l3montree/cryptogotchi/clodhopper/graph/generated/generated.go:1226.38,1228.4 1 0
gitlab.com/l3montree/cryptogotchi/clodhopper/graph/generated/generated.go:1236.141,1237.15 1 0
gitlab.com/l3montree/cryptogotchi/clodhopper/graph/generated/generated.go:1243.2,1252.92 3 0
gitlab.com/l3montree/cryptogotchi/clodhopper/graph/generated/generated.go:1256.2,1256.16 1 0
gitlab.com/l3montree/cryptogotchi/clodhopper/graph/generated/generated.go:1260.2,1260.19 1 0
gitlab.com/l3montree/cryptogotchi/clodhopper/graph/generated/generated.go:1266.2,1268.61 3 0
gitlab.com/l3montree/cryptogotchi/clodhopper/graph/generated/generated.go:1237.15,1238.31 1 0
gitlab.com/l3montree/cryptogotchi/clodhopper/graph/generated/generated.go:1238.31,1241.4 2 0
gitlab.com/l3montree/cryptogotchi/clodhopper/graph/generated/generated.go:1252.92,1255.3 2 0
gitlab.com/l3montree/cryptogotchi/clodhopper/graph/generated/generated.go:1256.16,1259.3 2 0
gitlab.com/l3montree/cryptogotchi/clodhopper/graph/generated/generated.go:1260.19,1261.38 1 0
gitlab.com/l3montree/cryptogotchi/clodhopper/graph/generated/generated.go:1264.3,1264.22 1 0
gitlab.com/l3montree/cryptogotchi/clodhopper/graph/generated/generated.go:1261.38,1263.4 1 0
gitlab.com/l3montree/cryptogotchi/clodhopper/graph/generated/generated.go:1271.142,1272.15 1 0
gitlab.com/l3montree/cryptogotchi/clodhopper/graph/generated/generated.go:1278.2,1287.92 3 0
gitlab.com/l3montree/cryptogotchi/clodhopper/graph/generated/generated.go:1291.2,1291.16 1 0
gitlab.com/l3montree/cryptogotchi/clodhopper/graph/generated/generated.go:1295.2,1295.19 1 0
gitlab.com/l3montree/cryptogotchi/clodhopper/graph/generated/generated.go:1301.2,1303.61 3 0
gitlab.com/l3montree/cryptogotchi/clodhopper/graph/generated/generated.go:1272.15,1273.31 1 0
gitlab.com/l3montree/cryptogotchi/clodhopper/graph/generated/generated.go:1273.31,1276.4 2 0
gitlab.com/l3montree/cryptogotchi/clodhopper/graph/generated/generated.go:1287.92,1290.3 2 0
gitlab.com/l3montree/cryptogotchi/clodhopper/graph/generated/generated.go:1291.16,1294.3 2 0
gitlab.com/l3montree/cryptogotchi/clodhopper/graph/generated/generated.go:1295.19,1296.38 1 0
gitlab.com/l3montree/cryptogotchi/clodhopper/graph/generated/generated.go:1299.3,1299.22 1 0
gitlab.com/l3montree/cryptogotchi/clodhopper/graph/generated/generated.go:1296.38,1298.4 1 0
gitlab.com/l3montree/cryptogotchi/clodhopper/graph/generated/generated.go:1306.151,1307.15 1 0
gitlab.com/l3montree/cryptogotchi/clodhopper/graph/generated/generated.go:1313.2,1322.92 3 0
gitlab.com/l3montree/cryptogotchi/clodhopper/graph/generated/generated.go:1326.2,1326.16 1 0
gitlab.com/l3montree/cryptogotchi/clodhopper/graph/generated/generated.go:1330.2,1330.19 1 0
gitlab.com/l3montree/cryptogotchi/clodhopper/graph/generated/generated.go:1336.2,1338.61 3 0
gitlab.com/l3montree/cryptogotchi/clodhopper/graph/generated/generated.go:1307.15,1308.31 1 0
gitlab.com/l3montree/cryptogotchi/clodhopper/graph/generated/generated.go:1308.31,1311.4 2 0
gitlab.com/l3montree/cryptogotchi/clodhopper/graph/generated/generated.go:1322.92,1325.3 2 0
gitlab.com/l3montree/cryptogotchi/clodhopper/graph/generated/generated.go:1326.16,1329.3 2 0
gitlab.com/l3montree/cryptogotchi/clodhopper/graph/generated/generated.go:1330.19,1331.38 1 0
gitlab.com/l3montree/cryptogotchi/clodhopper/graph/generated/generated.go:1334.3,1334.22 1 0
gitlab.com/l3montree/cryptogotchi/clodhopper/graph/generated/generated.go:1331.38,1333.4 1 0
gitlab.com/l3montree/cryptogotchi/clodhopper/graph/generated/generated.go:1341.149,1342.15 1 0
gitlab.com/l3montree/cryptogotchi/clodhopper/graph/generated/generated.go:1348.2,1357.92 3 0
gitlab.com/l3montree/cryptogotchi/clodhopper/graph/generated/generated.go:1361.2,1361.16 1 0
gitlab.com/l3montree/cryptogotchi/clodhopper/graph/generated/generated.go:1365.2,1365.19 1 0
gitlab.com/l3montree/cryptogotchi/clodhopper/graph/generated/generated.go:1371.2,1373.64 3 0
gitlab.com/l3montree/cryptogotchi/clodhopper/graph/generated/generated.go:1342.15,1343.31 1 0
gitlab.com/l3montree/cryptogotchi/clodhopper/graph/generated/generated.go:1343.31,1346.4 2 0
gitlab.com/l3montree/cryptogotchi/clodhopper/graph/generated/generated.go:1357.92,1360.3 2 0
gitlab.com/l3montree/cryptogotchi/clodhopper/graph/generated/generated.go:1361.16,1364.3 2 0
gitlab.com/l3montree/cryptogotchi/clodhopper/graph/generated/generated.go:1365.19,1366.38 1 0
gitlab.com/l3montree/cryptogotchi/clodhopper/graph/generated/generated.go:1369.3,1369.22 1 0
gitlab.com/l3montree/cryptogotchi/clodhopper/graph/generated/generated.go:1366.38,1368.4 1 0
gitlab.com/l3montree/cryptogotchi/clodhopper/graph/generated/generated.go:1376.129,1377.15 1 0
gitlab.com/l3montree/cryptogotchi/clodhopper/graph/generated/generated.go:1383.2,1394.16 5 0
gitlab.com/l3montree/cryptogotchi/clodhopper/graph/generated/generated.go:1398.2,1399.92 2 0
gitlab.com/l3montree/cryptogotchi/clodhopper/graph/generated/generated.go:1403.2,1403.16 1 0
gitlab.com/l3montree/cryptogotchi/clodhopper/graph/generated/generated.go:1407.2,1407.19 1 0
gitlab.com/l3montree/cryptogotchi/clodhopper/graph/generated/generated.go:1413.2,1415.151 3 0
gitlab.com/l3montree/cryptogotchi/clodhopper/graph/generated/generated.go:1377.15,1378.31 1 0
gitlab.com/l3montree/cryptogotchi/clodhopper/graph/generated/generated.go:1378.31,1381.4 2 0
gitlab.com/l3montree/cryptogotchi/clodhopper/graph/generated/generated.go:1394.16,1397.3 2 0
gitlab.com/l3montree/cryptogotchi/clodhopper/graph/generated/generated.go:1399.92,1402.3 2 0
gitlab.com/l3montree/cryptogotchi/clodhopper/graph/generated/generated.go:1403.16,1406.3 2 0
gitlab.com/l3montree/cryptogotchi/clodhopper/graph/generated/generated.go:1407.19,1408.38 1 0
gitlab.com/l3montree/cryptogotchi/clodhopper/graph/generated/generated.go:1411.3,1411.22 1 0
gitlab.com/l3montree/cryptogotchi/clodhopper/graph/generated/generated.go:1408.38,1410.4 1 0
gitlab.com/l3montree/cryptogotchi/clodhopper/graph/generated/generated.go:1418.126,1419.15 1 0
gitlab.com/l3montree/cryptogotchi/clodhopper/graph/generated/generated.go:1425.2,1434.92 3 0
gitlab.com/l3montree/cryptogotchi/clodhopper/graph/generated/generated.go:1438.2,1438.16 1 0
gitlab.com/l3montree/cryptogotchi/clodhopper/graph/generated/generated.go:1442.2,1442.19 1 0
gitlab.com/l3montree/cryptogotchi/clodhopper/graph/generated/generated.go:1448.2,1450.154 3 0
gitlab.com/l3montree/cryptogotchi/clodhopper/graph/generated/generated.go:1419.15,1420.31 1 0
gitlab.com/l3montree/cryptogotchi/clodhopper/graph/generated/generated.go:1420.31,1423.4 2 0
gitlab.com/l3montree/cryptogotchi/clodhopper/graph/generated/generated.go:1434.92,1437.3 2 0
gitlab.com/l3montree/cryptogotchi/clodhopper/graph/generated/generated.go:1438.16,1441.3 2 0
gitlab.com/l3montree/cryptogotchi/clodhopper/graph/generated/generated.go:1442.19,1443.38 1 0
gitlab.com/l3montree/cryptogotchi/clodhopper/graph/generated/generated.go:1446.3,1446.22 1 0
gitlab.com/l3montree/cryptogotchi/clodhopper/graph/generated/generated.go:1443.38,1445.4 1 0
gitlab.com/l3montree/cryptogotchi/clodhopper/graph/generated/generated.go:1453.116,1454.15 1 0
gitlab.com/l3montree/cryptogotchi/clodhopper/graph/generated/generated.go:1460.2,1469.92 3 0
gitlab.com/l3montree/cryptogotchi/clodhopper/graph/generated/generated.go:1473.2,1473.16 1 0
gitlab.com/l3montree/cryptogotchi/clodhopper/graph/generated/generated.go:1477.2,1477.19 1 0
gitlab.com/l3montree/cryptogotchi/clodhopper/graph/generated/generated.go:1483.2,1485.135 3 0
gitlab.com/l3montree/cryptogotchi/clodhopper/graph/generated/generated.go:1454.15,1455.31 1 0
gitlab.com/l3montree/cryptogotchi/clodhopper/graph/generated/generated.go:1455.31,1458.4 2 0
gitlab.com/l3montree/cryptogotchi/clodhopper/graph/generated/generated.go:1469.92,1472.3 2 0
gitlab.com/l3montree/cryptogotchi/clodhopper/graph/generated/generated.go:1473.16,1476.3 2 0
gitlab.com/l3montree/cryptogotchi/clodhopper/graph/generated/generated.go:1477.19,1478.38 1 0
gitlab.com/l3montree/cryptogotchi/clodhopper/graph/generated/generated.go:1481.3,1481.22 1 0
gitlab.com/l3montree/cryptogotchi/clodhopper/graph/generated/generated.go:1478.38,1480.4 1 0
gitlab.com/l3montree/cryptogotchi/clodhopper/graph/generated/generated.go:1488.118,1489.15 1 0
gitlab.com/l3montree/cryptogotchi/clodhopper/graph/generated/generated.go:1495.2,1506.16 5 0
gitlab.com/l3montree/cryptogotchi/clodhopper/graph/generated/generated.go:1510.2,1511.92 2 0
gitlab.com/l3montree/cryptogotchi/clodhopper/graph/generated/generated.go:1515.2,1515.16 1 0
gitlab.com/l3montree/cryptogotchi/clodhopper/graph/generated/generated.go:1519.2,1519.19 1 0
gitlab.com/l3montree/cryptogotchi/clodhopper/graph/generated/generated.go:1522.2,1524.124 3 0
gitlab.com/l3montree/cryptogotchi/clodhopper/graph/generated/generated.go:1489.15,1490.31 1 0
gitlab.com/l3montree/cryptogotchi/clodhopper/graph/generated/generated.go:1490.31,1493.4 2 0
gitlab.com/l3montree/cryptogotchi/clodhopper/graph/generated/generated.go:1506.16,1509.3 2 0
gitlab.com/l3montree/cryptogotchi/clodhopper/graph/generated/generated.go:1511.92,1514.3 2 0
gitlab.com/l3montree/cryptogotchi/clodhopper/graph/generated/generated.go:1515.16,1518.3 2 0
gitlab.com/l3montree/cryptogotchi/clodhopper/graph/generated/generated.go:1519.19,1521.3 1 0
gitlab.com/l3montree/cryptogotchi/clodhopper/graph/generated/generated.go:1527.120,1528.15 1 0
gitlab.com/l3montree/cryptogotchi/clodhopper/graph/generated/generated.go:1534.2,1543.92 3 0
gitlab.com/l3montree/cryptogotchi/clodhopper/graph/generated/generated.go:1547.2,1547.16 1 0
gitlab.com/l3montree/cryptogotchi/clodhopper/graph/generated/generated.go:1551.2,1551.19 1 0
gitlab.com/l3montree/cryptogotchi/clodhopper/graph/generated/generated.go:1554.2,1556.128 3 0
gitlab.com/l3montree/cryptogotchi/clodhopper/graph/generated/generated.go:1528.15,1529.31 1 0
gitlab.com/l3montree/cryptogotchi/clodhopper/graph/generated/generated.go:1529.31,1532.4 2 0
gitlab.com/l3montree/cryptogotchi/clodhopper/graph/generated/generated.go:1543.92,1546.3 2 0
gitlab.com/l3montree/cryptogotchi/clodhopper/graph/generated/generated.go:1547.16,1550.3 2 0
gitlab.com/l3montree/cryptogotchi/clodhopper/graph/generated/generated.go:1551.19,1553.3 1 0
gitlab.com/l3montree/cryptogotchi/clodhopper/graph/generated/generated.go:1559.131,1560.15 1 0
gitlab.com/l3montree/cryptogotchi/clodhopper/graph/generated/generated.go:1566.2,1575.92 3 0
gitlab.com/l3montree/cryptogotchi/clodhopper/graph/generated/generated.go:1579.2,1579.16 1 0
gitlab.com/l3montree/cryptogotchi/clodhopper/graph/generated/generated.go:1583.2,1583.19 1 0
gitlab.com/l3montree/cryptogotchi/clodhopper/graph/generated/generated.go:1589.2,1591.57 3 0
gitlab.com/l3montree/cryptogotchi/clodhopper/graph/generated/generated.go:1560.15,1561.31 1 0
gitlab.com/l3montree/cryptogotchi/clodhopper/graph/generated/generated.go:1561.31,1564.4 2 0
gitlab.com/l3montree/cryptogotchi/clodhopper/graph/generated/generated.go:1575.92,1578.3 2 0
gitlab.com/l3montree/cryptogotchi/clodhopper/graph/generated/generated.go:1579.16,1582.3 2 0
gitlab.com/l3montree/cryptogotchi/clodhopper/graph/generated/generated.go:1583.19,1584.38 1 0
gitlab.com/l3montree/cryptogotchi/clodhopper/graph/generated/generated.go:1587.3,1587.22 1 0
gitlab.com/l3montree/cryptogotchi/clodhopper/graph/generated/generated.go:1584.38,1586.4 1 0
gitlab.com/l3montree/cryptogotchi/clodhopper/graph/generated/generated.go:1594.133,1595.15 1 0
gitlab.com/l3montree/cryptogotchi/clodhopper/graph/generated/generated.go:1601.2,1610.92 3 0
gitlab.com/l3montree/cryptogotchi/clodhopper/graph/generated/generated.go:1614.2,1614.16 1 0
gitlab.com/l3montree/cryptogotchi/clodhopper/graph/generated/generated.go:1618.2,1618.19 1 0
gitlab.com/l3montree/cryptogotchi/clodhopper/graph/generated/generated.go:1624.2,1626.61 3 0
gitlab.com/l3montree/cryptogotchi/clodhopper/graph/generated/generated.go:1595.15,1596.31 1 0
gitlab.com/l3montree/cryptogotchi/clodhopper/graph/generated/generated.go:1596.31,1599.4 2 0
gitlab.com/l3montree/cryptogotchi/clodhopper/graph/generated/generated.go:1610.92,1613.3 2 0
gitlab.com/l3montree/cryptogotchi/clodhopper/graph/generated/generated.go:1614.16,1617.3 2 0
gitlab.com/l3montree/cryptogotchi/clodhopper/graph/generated/generated.go:1618.19,1619.38 1 0
gitlab.com/l3montree/cryptogotchi/clodhopper/graph/generated/generated.go:1622.3,1622.22 1 0
gitlab.com/l3montree/cryptogotchi/clodhopper/graph/generated/generated.go:1619.38,1621.4 1 0
gitlab.com/l3montree/cryptogotchi/clodhopper/graph/generated/generated.go:1629.143,1630.15 1 0
gitlab.com/l3montree/cryptogotchi/clodhopper/graph/generated/generated.go:1636.2,1645.92 3 0
gitlab.com/l3montree/cryptogotchi/clodhopper/graph/generated/generated.go:1649.2,1649.16 1 0
gitlab.com/l3montree/cryptogotchi/clodhopper/graph/generated/generated.go:1653.2,1653.19 1 0
gitlab.com/l3montree/cryptogotchi/clodhopper/graph/generated/generated.go:1656.2,1658.151 3 0
gitlab.com/l3montree/cryptogotchi/clodhopper/graph/generated/generated.go:1630.15,1631.31 1 0
gitlab.com/l3montree/cryptogotchi/clodhopper/graph/generated/generated.go:1631.31,1634.4 2 0
gitlab.com/l3montree/cryptogotchi/clodhopper/graph/generated/generated.go:1645.92,1648.3 2 0
gitlab.com/l3montree/cryptogotchi/clodhopper/graph/generated/generated.go:1649.16,1652.3 2 0
gitlab.com/l3montree/cryptogotchi/clodhopper/graph/generated/generated.go:1653.19,1655.3 1 0
gitlab.com/l3montree/cryptogotchi/clodhopper/graph/generated/generated.go:1661.138,1662.15 1 0
gitlab.com/l3montree/cryptogotchi/clodhopper/graph/generated/generated.go:1668.2,1677.92 3 0
gitlab.com/l3montree/cryptogotchi/clodhopper/graph/generated/generated.go:1681.2,1681.16 1 0
gitlab.com/l3montree/cryptogotchi/clodhopper/graph/generated/generated.go:1685.2,1685.19 1 0
gitlab.com/l3montree/cryptogotchi/clodhopper/graph/generated/generated.go:1691.2,1693.64 3 0
gitlab.com/l3montree/cryptogotchi/clodhopper/graph/generated/generated.go:1662.15,1663.31 1 0
gitlab.com/l3montree/cryptogotchi/clodhopper/graph/generated/generated.go:1663.31,1666.4 2 0
gitlab.com/l3montree/cryptogotchi/clodhopper/graph/generated/generated.go:1677.92,1680.3 2 0
gitlab.com/l3montree/cryptogotchi/clodhopper/graph/generated/generated.go:1681.16,1684.3 2 0
gitlab.com/l3montree/cryptogotchi/clodhopper/graph/generated/generated.go:1685.19,1686.38 1 0
gitlab.com/l3montree/cryptogotchi/clodhopper/graph/generated/generated.go:1689.3,1689.22 1 0
gitlab.com/l3montree/cryptogotchi/clodhopper/graph/generated/generated.go:1686.38,1688.4 1 0
gitlab.com/l3montree/cryptogotchi/clodhopper/graph/generated/generated.go:1696.138,1697.15 1 0
gitlab.com/l3montree/cryptogotchi/clodhopper/graph/generated/generated.go:1703.2,1712.92 3 0
gitlab.com/l3montree/cryptogotchi/clodhopper/graph/generated/generated.go:1716.2,1716.16 1 0
gitlab.com/l3montree/cryptogotchi/clodhopper/graph/generated/generated.go:1720.2,1720.19 1 0
gitlab.com/l3montree/cryptogotchi/clodhopper/graph/generated/generated.go:1726.2,1728.64 3 0
gitlab.com/l3montree/cryptogotchi/clodhopper/graph/generated/generated.go:1697.15,1698.31 1 0
gitlab.com/l3montree/cryptogotchi/clodhopper/graph/generated/generated.go:1698.31,1701.4 2 0
gitlab.com/l3montree/cryptogotchi/clodhopper/graph/generated/generated.go:1712.92,1715.3 2 0
gitlab.com/l3montree/cryptogotchi/clodhopper/graph/generated/generated.go:1716.16,1719.3 2 0
gitlab.com/l3montree/cryptogotchi/clodhopper/graph/generated/generated.go:1720.19,1721.38 1 0
gitlab.com/l3montree/cryptogotchi/clodhopper/graph/generated/generated.go:1724.3,1724.22 1 0
gitlab.com/l3montree/cryptogotchi/clodhopper/graph/generated/generated.go:1721.38,1723.4 1 0
gitlab.com/l3montree/cryptogotchi/clodhopper/graph/generated/generated.go:1731.152,1732.15 1 0
gitlab.com/l3montree/cryptogotchi/clodhopper/graph/generated/generated.go:1738.2,1747.92 3 0
gitlab.com/l3montree/cryptogotchi/clodhopper/graph/generated/generated.go:1751.2,1751.16 1 0
gitlab.com/l3montree/cryptogotchi/clodhopper/graph/generated/generated.go:1755.2,1755.19 1 0
gitlab.com/l3montree/cryptogotchi/clodhopper/graph/generated/generated.go:1761.2,1763.61 3 0
gitlab.com/l3montree/cryptogotchi/clodhopper/graph/generated/generated.go:1732.15,1733.31 1 0
gitlab.com/l3montree/cryptogotchi/clodhopper/graph/generated/generated.go:1733.31,1736.4 2 0
gitlab.com/l3montree/cryptogotchi/clodhopper/graph/generated/generated.go:1747.92,1750.3 2 0
gitlab.com/l3montree/cryptogotchi/clodhopper/graph/generated/generated.go:1751.16,1754.3 2 0
gitlab.com/l3montree/cryptogotchi/clodhopper/graph/generated/generated.go:1755.19,1756.38 1 0
gitlab.com/l3montree/cryptogotchi/clodhopper/graph/generated/generated.go:1759.3,1759.22 1 0
gitlab.com/l3montree/cryptogotchi/clodhopper/graph/generated/generated.go:1756.38,1758.4 1 0
gitlab.com/l3montree/cryptogotchi/clodhopper/graph/generated/generated.go:1766.159,1767.15 1 0
gitlab.com/l3montree/cryptogotchi/clodhopper/graph/generated/generated.go:1773.2,1782.92 3 0
gitlab.com/l3montree/cryptogotchi/clodhopper/graph/generated/generated.go:1786.2,1786.16 1 0
gitlab.com/l3montree/cryptogotchi/clodhopper/graph/generated/generated.go:1790.2,1790.19 1 0
gitlab.com/l3montree/cryptogotchi/clodhopper/graph/generated/generated.go:1793.2,1795.61 3 0
gitlab.com/l3montree/cryptogotchi/clodhopper/graph/generated/generated.go:1767.15,1768.31 1 0
gitlab.com/l3montree/cryptogotchi/clodhopper/graph/generated/generated.go:1768.31,1771.4 2 0
gitlab.com/l3montree/cryptogotchi/clodhopper/graph/generated/generated.go:1782.92,1785.3 2 0
gitlab.com/l3montree/cryptogotchi/clodhopper/graph/generated/generated.go:1786.16,1789.3 2 0
gitlab.com/l3montree/cryptogotchi/clodhopper/graph/generated/generated.go:1790.19,1792.3 1 0
gitlab.com/l3montree/cryptogotchi/clodhopper/graph/generated/generated.go:1798.157,1799.15 1 0
gitlab.com/l3montree/cryptogotchi/clodhopper/graph/generated/generated.go:1805.2,1814.92 3 0
gitlab.com/l3montree/cryptogotchi/clodhopper/graph/generated/generated.go:1818.2,1818.16 1 0
gitlab.com/l3montree/cryptogotchi/clodhopper/graph/generated/generated.go:1822.2,1822.19 1 0
gitlab.com/l3montree/cryptogotchi/clodhopper/graph/generated/generated.go:1828.2,1830.80 3 0
gitlab.com/l3montree/cryptogotchi/clodhopper/graph/generated/generated.go:1799.15,1800.31 1 0
gitlab.com/l3montree/cryptogotchi/clodhopper/graph/generated/generated.go:1800.31,1803.4 2 0
gitlab.com/l3montree/cryptogotchi/clodhopper/graph/generated/generated.go:1814.92,1817.3 2 0
gitlab.com/l3montree/cryptogotchi/clodhopper/graph/generated/generated.go:1818.16,1821.3 2 0
gitlab.com/l3montree/cryptogotchi/clodhopper/graph/generated/generated.go:1822.19,1823.38 1 0
gitlab.com/l3montree/cryptogotchi/clodhopper/graph/generated/generated.go:1826.3,1826.22 1 0
gitlab.com/l3montree/cryptogotchi/clodhopper/graph/generated/generated.go:1823.38,1825.4 1 0
gitlab.com/l3montree/cryptogotchi/clodhopper/graph/generated/generated.go:1833.152,1834.15 1 0
gitlab.com/l3montree/cryptogotchi/clodhopper/graph/generated/generated.go:1840.2,1849.92 3 0
gitlab.com/l3montree/cryptogotchi/clodhopper/graph/generated/generated.go:1853.2,1853.16 1 0
gitlab.com/l3montree/cryptogotchi/clodhopper/graph/generated/generated.go:1857.2,1857.19 1 0
gitlab.com/l3montree/cryptogotchi/clodhopper/graph/generated/generated.go:1863.2,1865.139 3 0
gitlab.com/l3montree/cryptogotchi/clodhopper/graph/generated/generated.go:1834.15,1835.31 1 0
gitlab.com/l3montree/cryptogotchi/clodhopper/graph/generated/generated.go:1835.31,1838.4 2 0
gitlab.com/l3montree/cryptogotchi/clodhopper/graph/generated/generated.go:1849.92,1852.3 2 0
gitlab.com/l3montree/cryptogotchi/clodhopper/graph/generated/generated.go:1853.16,1856.3 2 0
gitlab.com/l3montree/cryptogotchi/clodhopper/graph/generated/generated.go:1857.19,1858.38 1 0
gitlab.com/l3montree/cryptogotchi/clodhopper/graph/generated/generated.go:1861.3,1861.22 1 0
gitlab.com/l3montree/cryptogotchi/clodhopper/graph/generated/generated.go:1858.38,1860.4 1 0
gitlab.com/l3montree/cryptogotchi/clodhopper/graph/generated/generated.go:1868.160,1869.15 1 0
gitlab.com/l3montree/cryptogotchi/clodhopper/graph/generated/generated.go:1875.2,1884.92 3 0
gitlab.com/l3montree/cryptogotchi/clodhopper/graph/generated/generated.go:1888.2,1888.16 1 0
gitlab.com/l3montree/cryptogotchi/clodhopper/graph/generated/generated.go:1892.2,1892.19 1 0
gitlab.com/l3montree/cryptogotchi/clodhopper/graph/generated/generated.go:1898.2,1900.60 3 0
gitlab.com/l3montree/cryptogotchi/clodhopper/graph/generated/generated.go:1869.15,1870.31 1 0
gitlab.com/l3montree/cryptogotchi/clodhopper/graph/generated/generated.go:1870.31,1873.4 2 0
gitlab.com/l3montree/cryptogotchi/clodhopper/graph/generated/generated.go:1884.92,1887.3 2 0
gitlab.com/l3montree/cryptogotchi/clodhopper/graph/generated/generated.go:1888.16,1891.3 2 0
gitlab.com/l3montree/cryptogotchi/clodhopper/graph/generated/generated.go:1892.19,1893.38 1 0
gitlab.com/l3montree/cryptogotchi/clodhopper/graph/generated/generated.go:1896.3,1896.22 1 0
gitlab.com/l3montree/cryptogotchi/clodhopper/graph/generated/generated.go:1893.38,1895.4 1 0
gitlab.com/l3montree/cryptogotchi/clodhopper/graph/generated/generated.go:1903.152,1904.15 1 0
gitlab.com/l3montree/cryptogotchi/clodhopper/graph/generated/generated.go:1910.2,1919.92 3 0
gitlab.com/l3montree/cryptogotchi/clodhopper/graph/generated/generated.go:1923.2,1923.16 1 0
gitlab.com/l3montree/cryptogotchi/clodhopper/graph/generated/generated.go:1927.2,1927.19 1 0
gitlab.com/l3montree/cryptogotchi/clodhopper/graph/generated/generated.go:1933.2,1935.61 3 0
gitlab.com/l3montree/cryptogotchi/clodhopper/graph/generated/generated.go:1904.15,1905.31 1 0
gitlab.com/l3montree/cryptogotchi/clodhopper/graph/generated/generated.go:1905.31,1908.4 2 0
gitlab.com/l3montree/cryptogotchi/clodhopper/graph/generated/generated.go:1919.92,1922.3 2 0
gitlab.com/l3montree/cryptogotchi/clodhopper/graph/generated/generated.go:1923.16,1926.3 2 0
gitlab.com/l3montree/cryptogotchi/clodhopper/graph/generated/generated.go:1927.19,1928.38 1 0
gitlab.com/l3montree/cryptogotchi/clodhopper/graph/generated/generated.go:1931.3,1931.22 1 0
gitlab.com/l3montree/cryptogotchi/clodhopper/graph/generated/generated.go:1928.38,1930.4 1 0
gitlab.com/l3montree/cryptogotchi/clodhopper/graph/generated/generated.go:1938.159,1939.15 1 0
gitlab.com/l3montree/cryptogotchi/clodhopper/graph/generated/generated.go:1945.2,1954.92 3 0
gitlab.com/l3montree/cryptogotchi/clodhopper/graph/generated/generated.go:1958.2,1958.16 1 0
gitlab.com/l3montree/cryptogotchi/clodhopper/graph/generated/generated.go:1962.2,1962.19 1 0
gitlab.com/l3montree/cryptogotchi/clodhopper/graph/generated/generated.go:1965.2,1967.61 3 0
gitlab.com/l3montree/cryptogotchi/clodhopper/graph/generated/generated.go:1939.15,1940.31 1 0
gitlab.com/l3montree/cryptogotchi/clodhopper/graph/generated/generated.go:1940.31,1943.4 2 0
gitlab.com/l3montree/cryptogotchi/clodhopper/graph/generated/generated.go:1954.92,1957.3 2 0
gitlab.com/l3montree/cryptogotchi/clodhopper/graph/generated/generated.go:1958.16,1961.3 2 0
gitlab.com/l3montree/cryptogotchi/clodhopper/graph/generated/generated.go:1962.19,1964.3 1 0
gitlab.com/l3montree/cryptogotchi/clodhopper/graph/generated/generated.go:1970.160,1971.15 1 0
gitlab.com/l3montree/cryptogotchi/clodhopper/graph/generated/generated.go:1977.2,1986.92 3 0
gitlab.com/l3montree/cryptogotchi/clodhopper/graph/generated/generated.go:1990.2,1990.16 1 0
gitlab.com/l3montree/cryptogotchi/clodhopper/graph/generated/generated.go:1994.2,1994.19 1 0
gitlab.com/l3montree/cryptogotchi/clodhopper/graph/generated/generated.go:2000.2,2002.60 3 0
gitlab.com/l3montree/cryptogotchi/clodhopper/graph/generated/generated.go:1971.15,1972.31 1 0
gitlab.com/l3montree/cryptogotchi/clodhopper/graph/generated/generated.go:1972.31,1975.4 2 0
gitlab.com/l3montree/cryptogotchi/clodhopper/graph/generated/generated.go:1986.92,1989.3 2 0
gitlab.com/l3montree/cryptogotchi/clodhopper/graph/generated/generated.go:1990.16,1993.3 2 0
gitlab.com/l3montree/cryptogotchi/clodhopper/graph/generated/generated.go:1994.19,1995.38 1 0
gitlab.com/l3montree/cryptogotchi/clodhopper/graph/generated/generated.go:1998.3,1998.22 1 0
gitlab.com/l3montree/cryptogotchi/clodhopper/graph/generated/generated.go:1995.38,1997.4 1 0
gitlab.com/l3montree/cryptogotchi/clodhopper/graph/generated/generated.go:2005.165,2006.15 1 0
gitlab.com/l3montree/cryptogotchi/clodhopper/graph/generated/generated.go:2012.2,2021.92 3 0
gitlab.com/l3montree/cryptogotchi/clodhopper/graph/generated/generated.go:2025.2,2025.16 1 0
gitlab.com/l3montree/cryptogotchi/clodhopper/graph/generated/generated.go:2029.2,2029.19 1 0
gitlab.com/l3montree/cryptogotchi/clodhopper/graph/generated/generated.go:2032.2,2034.64 3 0
gitlab.com/l3montree/cryptogotchi/clodhopper/graph/generated/generated.go:2006.15,2007.31 1 0
gitlab.com/l3montree/cryptogotchi/clodhopper/graph/generated/generated.go:2007.31,2010.4 2 0
gitlab.com/l3montree/cryptogotchi/clodhopper/graph/generated/generated.go:2021.92,2024.3 2 0
gitlab.com/l3montree/cryptogotchi/clodhopper/graph/generated/generated.go:2025.16,2028.3 2 0
gitlab.com/l3montree/cryptogotchi/clodhopper/graph/generated/generated.go:2029.19,2031.3 1 0
gitlab.com/l3montree/cryptogotchi/clodhopper/graph/generated/generated.go:2037.144,2038.15 1 0
gitlab.com/l3montree/cryptogotchi/clodhopper/graph/generated/generated.go:2044.2,2053.92 3 0
gitlab.com/l3montree/cryptogotchi/clodhopper/graph/generated/generated.go:2057.2,2057.16 1 0
gitlab.com/l3montree/cryptogotchi/clodhopper/graph/generated/generated.go:2061.2,2061.19 1 0
gitlab.com/l3montree/cryptogotchi/clodhopper/graph/generated/generated.go:2067.2,2069.61 3 0
gitlab.com/l3montree/cryptogotchi/clodhopper/graph/generated/generated.go:2038.15,2039.31 1 0
gitlab.com/l3montree/cryptogotchi/clodhopper/graph/generated/generated.go:2039.31,2042.4 2 0
gitlab.com/l3montree/cryptogotchi/clodhopper/graph/generated/generated.go:2053.92,2056.3 2 0
gitlab.com/l3montree/cryptogotchi/clodhopper/graph/generated/generated.go:2057.16,2060.3 2 0
gitlab.com/l3montree/cryptogotchi/clodhopper/graph/generated/generated.go:2061.19,2062.38 1 0
gitlab.com/l3montree/cryptogotchi/clodhopper/graph/generated/generated.go:2065.3,2065.22 1 0
gitlab.com/l3montree/cryptogotchi/clodhopper/graph/generated/generated.go:2062.38,2064.4 1 0
gitlab.com/l3montree/cryptogotchi/clodhopper/graph/generated/generated.go:2072.151,2073.15 1 0
gitlab.com/l3montree/cryptogotchi/clodhopper/graph/generated/generated.go:2079.2,2088.92 3 0
gitlab.com/l3montree/cryptogotchi/clodhopper/graph/generated/generated.go:2092.2,2092.16 1 0
gitlab.com/l3montree/cryptogotchi/clodhopper/graph/generated/generated.go:2096.2,2096.19 1 0
gitlab.com/l3montree/cryptogotchi/clodhopper/graph/generated/generated.go:2099.2,2101.61 3 0
gitlab.com/l3montree/cryptogotchi/clodhopper/graph/generated/generated.go:2073.15,2074.31 1 0
gitlab.com/l3montree/cryptogotchi/clodhopper/graph/generated/generated.go:2074.31,2077.4 2 0
gitlab.com/l3montree/cryptogotchi/clodhopper/graph/generated/generated.go:2088.92,2091.3 2 0
gitlab.com/l3montree/cryptogotchi/clodhopper/graph/generated/generated.go:2092.16,2095.3 2 0
gitlab.com/l3montree/cryptogotchi/clodhopper/graph/generated/generated.go:2096.19,2098.3 1 0
gitlab.com/l3montree/cryptogotchi/clodhopper/graph/generated/generated.go:2104.144,2105.15 1 0
gitlab.com/l3montree/cryptogotchi/clodhopper/graph/generated/generated.go:2111.2,2120.92 3 0
gitlab.com/l3montree/cryptogotchi/clodhopper/graph/generated/generated.go:2124.2,2124.16 1 0
gitlab.com/l3montree/cryptogotchi/clodhopper/graph/generated/generated.go:2128.2,2128.19 1 0
gitlab.com/l3montree/cryptogotchi/clodhopper/graph/generated/generated.go:2134.2,2136.139 3 0
gitlab.com/l3montree/cryptogotchi/clodhopper/graph/generated/generated.go:2105.15,2106.31 1 0
gitlab.com/l3montree/cryptogotchi/clodhopper/graph/generated/generated.go:2106.31,2109.4 2 0
gitlab.com/l3montree/cryptogotchi/clodhopper/graph/generated/generated.go:2120.92,2123.3 2 0
gitlab.com/l3montree/cryptogotchi/clodhopper/graph/generated/generated.go:2124.16,2127.3 2 0
gitlab.com/l3montree/cryptogotchi/clodhopper/graph/generated/generated.go:2128.19,2129.38 1 0
gitlab.com/l3montree/cryptogotchi/clodhopper/graph/generated/generated.go:2132.3,2132.22 1 0
gitlab.com/l3montree/cryptogotchi/clodhopper/graph/generated/generated.go:2129.38,2131.4 1 0
gitlab.com/l3montree/cryptogotchi/clodhopper/graph/generated/generated.go:2139.144,2140.15 1 0
gitlab.com/l3montree/cryptogotchi/clodhopper/graph/generated/generated.go:2146.2,2155.92 3 0
gitlab.com/l3montree/cryptogotchi/clodhopper/graph/generated/generated.go:2159.2,2159.16 1 0
gitlab.com/l3montree/cryptogotchi/clodhopper/graph/generated/generated.go:2163.2,2163.19 1 0
gitlab.com/l3montree/cryptogotchi/clodhopper/graph/generated/generated.go:2169.2,2171.124 3 0
gitlab.com/l3montree/cryptogotchi/clodhopper/graph/generated/generated.go:2140.15,2141.31 1 0
gitlab.com/l3montree/cryptogotchi/clodhopper/graph/generated/generated.go:2141.31,2144.4 2 0
gitlab.com/l3montree/cryptogotchi/clodhopper/graph/generated/generated.go:2155.92,2158.3 2 0
gitlab.com/l3montree/cryptogotchi/clodhopper/graph/generated/generated.go:2159.16,2162.3 2 0
gitlab.com/l3montree/cryptogotchi/clodhopper/graph/generated/generated.go:2163.19,2164.38 1 0
gitlab.com/l3montree/cryptogotchi/clodhopper/graph/generated/generated.go:2167.3,2167.22 1 0
gitlab.com/l3montree/cryptogotchi/clodhopper/graph/generated/generated.go:2164.38,2166.4 1 0
gitlab.com/l3montree/cryptogotchi/clodhopper/graph/generated/generated.go:2174.152,2175.15 1 0
gitlab.com/l3montree/cryptogotchi/clodhopper/graph/generated/generated.go:2181.2,2190.92 3 0
gitlab.com/l3montree/cryptogotchi/clodhopper/graph/generated/generated.go:2194.2,2194.16 1 0
gitlab.com/l3montree/cryptogotchi/clodhopper/graph/generated/generated.go:2198.2,2198.19 1 0
gitlab.com/l3montree/cryptogotchi/clodhopper/graph/generated/generated.go:2204.2,2206.60 3 0
gitlab.com/l3montree/cryptogotchi/clodhopper/graph/generated/generated.go:2175.15,2176.31 1 0
gitlab.com/l3montree/cryptogotchi/clodhopper/graph/generated/generated.go:2176.31,2179.4 2 0
gitlab.com/l3montree/cryptogotchi/clodhopper/graph/generated/generated.go:2190.92,2193.3 2 0
gitlab.com/l3montree/cryptogotchi/clodhopper/graph/generated/generated.go:2194.16,2197.3 2 0
gitlab.com/l3montree/cryptogotchi/clodhopper/graph/generated/generated.go:2198.19,2199.38 1 0
gitlab.com/l3montree/cryptogotchi/clodhopper/graph/generated/generated.go:2202.3,2202.22 1 0
gitlab.com/l3montree/cryptogotchi/clodhopper/graph/generated/generated.go:2199.38,2201.4 1 0
gitlab.com/l3montree/cryptogotchi/clodhopper/graph/generated/generated.go:2209.157,2210.15 1 0
gitlab.com/l3montree/cryptogotchi/clodhopper/graph/generated/generated.go:2216.2,2225.92 3 0
gitlab.com/l3montree/cryptogotchi/clodhopper/graph/generated/generated.go:2229.2,2229.16 1 0
gitlab.com/l3montree/cryptogotchi/clodhopper/graph/generated/generated.go:2233.2,2233.19 1 0
gitlab.com/l3montree/cryptogotchi/clodhopper/graph/generated/generated.go:2236.2,2238.64 3 0
gitlab.com/l3montree/cryptogotchi/clodhopper/graph/generated/generated.go:2210.15,2211.31 1 0
gitlab.com/l3montree/cryptogotchi/clodhopper/graph/generated/generated.go:2211.31,2214.4 2 0
gitlab.com/l3montree/cryptogotchi/clodhopper/graph/generated/generated.go:2225.92,2228.3 2 0
gitlab.com/l3montree/cryptogotchi/clodhopper/graph/generated/generated.go:2229.16,2232.3 2 0
gitlab.com/l3montree/cryptogotchi/clodhopper/graph/generated/generated.go:2233.19,2235.3 1 0
gitlab.com/l3montree/cryptogotchi/clodhopper/graph/generated/generated.go:2241.154,2242.15 1 0
gitlab.com/l3montree/cryptogotchi/clodhopper/graph/generated/generated.go:2248.2,2257.92 3 0
gitlab.com/l3montree/cryptogotchi/clodhopper/graph/generated/generated.go:2261.2,2261.16 1 0
gitlab.com/l3montree/cryptogotchi/clodhopper/graph/generated/generated.go:2265.2,2265.19 1 0
gitlab.com/l3montree/cryptogotchi/clodhopper/graph/generated/generated.go:2271.2,2273.61 3 0
gitlab.com/l3montree/cryptogotchi/clodhopper/graph/generated/generated.go:2242.15,2243.31 1 0
gitlab.com/l3montree/cryptogotchi/clodhopper/graph/generated/generated.go:2243.31,2246.4 2 0
gitlab.com/l3montree/cryptogotchi/clodhopper/graph/generated/generated.go:2257.92,2260.3 2 0
gitlab.com/l3montree/cryptogotchi/clodhopper/graph/generated/generated.go:2261.16,2264.3 2 0
gitlab.com/l3montree/cryptogotchi/clodhopper/graph/generated/generated.go:2265.19,2266.38 1 0
gitlab.com/l3montree/cryptogotchi/clodhopper/graph/generated/generated.go:2269.3,2269.22 1 0
gitlab.com/l3montree/cryptogotchi/clodhopper/graph/generated/generated.go:2266.38,2268.4 1 0
gitlab.com/l3montree/cryptogotchi/clodhopper/graph/generated/generated.go:2276.161,2277.15 1 0
gitlab.com/l3montree/cryptogotchi/clodhopper/graph/generated/generated.go:2283.2,2292.92 3 0
gitlab.com/l3montree/cryptogotchi/clodhopper/graph/generated/generated.go:2296.2,2296.16 1 0
gitlab.com/l3montree/cryptogotchi/clodhopper/graph/generated/generated.go:2300.2,2300.19 1 0
gitlab.com/l3montree/cryptogotchi/clodhopper/graph/generated/generated.go:2303.2,2305.61 3 0
gitlab.com/l3montree/cryptogotchi/clodhopper/graph/generated/generated.go:2277.15,2278.31 1 0
gitlab.com/l3montree/cryptogotchi/clodhopper/graph/generated/generated.go:2278.31,2281.4 2 0
gitlab.com/l3montree/cryptogotchi/clodhopper/graph/generated/generated.go:2292.92,2295.3 2 0
gitlab.com/l3montree/cryptogotchi/clodhopper/graph/generated/generated.go:2296.16,2299.3 2 0
gitlab.com/l3montree/cryptogotchi/clodhopper/graph/generated/generated.go:2300.19,2302.3 1 0
gitlab.com/l3montree/cryptogotchi/clodhopper/graph/generated/generated.go:2308.154,2309.15 1 0
gitlab.com/l3montree/cryptogotchi/clodhopper/graph/generated/generated.go:2315.2,2324.92 3 0
gitlab.com/l3montree/cryptogotchi/clodhopper/graph/generated/generated.go:2328.2,2328.16 1 0
gitlab.com/l3montree/cryptogotchi/clodhopper/graph/generated/generated.go:2332.2,2332.19 1 0
gitlab.com/l3montree/cryptogotchi/clodhopper/graph/generated/generated.go:2338.2,2340.124 3 0
gitlab.com/l3montree/cryptogotchi/clodhopper/graph/generated/generated.go:2309.15,2310.31 1 0
gitlab.com/l3montree/cryptogotchi/clodhopper/graph/generated/generated.go:2310.31,2313.4 2 0
gitlab.com/l3montree/cryptogotchi/clodhopper/graph/generated/generated.go:2324.92,2327.3 2 0
gitlab.com/l3montree/cryptogotchi/clodhopper/graph/generated/generated.go:2328.16,2331.3 2 0
gitlab.com/l3montree/cryptogotchi/clodhopper/graph/generated/generated.go:2332.19,2333.38 1 0
gitlab.com/l3montree/cryptogotchi/clodhopper/graph/generated/generated.go:2336.3,2336.22 1 0
gitlab.com/l3montree/cryptogotchi/clodhopper/graph/generated/generated.go:2333.38,2335.4 1 0
gitlab.com/l3montree/cryptogotchi/clodhopper/graph/generated/generated.go:2343.162,2344.15 1 0
gitlab.com/l3montree/cryptogotchi/clodhopper/graph/generated/generated.go:2350.2,2359.92 3 0
gitlab.com/l3montree/cryptogotchi/clodhopper/graph/generated/generated.go:2363.2,2363.16 1 0
gitlab.com/l3montree/cryptogotchi/clodhopper/graph/generated/generated.go:2367.2,2367.19 1 0
gitlab.com/l3montree/cryptogotchi/clodhopper/graph/generated/generated.go:2370.2,2372.64 3 0
gitlab.com/l3montree/cryptogotchi/clodhopper/graph/generated/generated.go:2344.15,2345.31 1 0
gitlab.com/l3montree/cryptogotchi/clodhopper/graph/generated/generated.go:2345.31,2348.4 2 0
gitlab.com/l3montree/cryptogotchi/clodhopper/graph/generated/generated.go:2359.92,2362.3 2 0
gitlab.com/l3montree/cryptogotchi/clodhopper/graph/generated/generated.go:2363.16,2366.3 2 0
gitlab.com/l3montree/cryptogotchi/clodhopper/graph/generated/generated.go:2367.19,2369.3 1 0
gitlab.com/l3montree/cryptogotchi/clodhopper/graph/generated/generated.go:2375.147,2376.15 1 0
gitlab.com/l3montree/cryptogotchi/clodhopper/graph/generated/generated.go:2382.2,2391.92 3 0
gitlab.com/l3montree/cryptogotchi/clodhopper/graph/generated/generated.go:2395.2,2395.16 1 0
gitlab.com/l3montree/cryptogotchi/clodhopper/graph/generated/generated.go:2399.2,2399.19 1 0
gitlab.com/l3montree/cryptogotchi/clodhopper/graph/generated/generated.go:2405.2,2407.127 3 0
gitlab.com/l3montree/cryptogotchi/clodhopper/graph/generated/generated.go:2376.15,2377.31 1 0
gitlab.com/l3montree/cryptogotchi/clodhopper/graph/generated/generated.go:2377.31,2380.4 2 0
gitlab.com/l3montree/cryptogotchi/clodhopper/graph/generated/generated.go:2391.92,2394.3 2 0
gitlab.com/l3montree/cryptogotchi/clodhopper/graph/generated/generated.go:2395.16,2398.3 2 0
gitlab.com/l3montree/cryptogotchi/clodhopper/graph/generated/generated.go:2399.19,2400.38 1 0
gitlab.com/l3montree/cryptogotchi/clodhopper/graph/generated/generated.go:2403.3,2403.22 1 0
gitlab.com/l3montree/cryptogotchi/clodhopper/graph/generated/generated.go:2400.38,2402.4 1 0
gitlab.com/l3montree/cryptogotchi/clodhopper/graph/generated/generated.go:2410.151,2411.15 1 0
gitlab.com/l3montree/cryptogotchi/clodhopper/graph/generated/generated.go:2417.2,2426.92 3 0
gitlab.com/l3montree/cryptogotchi/clodhopper/graph/generated/generated.go:2430.2,2430.16 1 0
gitlab.com/l3montree/cryptogotchi/clodhopper/graph/generated/generated.go:2434.2,2434.19 1 0
gitlab.com/l3montree/cryptogotchi/clodhopper/graph/generated/generated.go:2440.2,2442.124 3 0
gitlab.com/l3montree/cryptogotchi/clodhopper/graph/generated/generated.go:2411.15,2412.31 1 0
gitlab.com/l3montree/cryptogotchi/clodhopper/graph/generated/generated.go:2412.31,2415.4 2 0
gitlab.com/l3montree/cryptogotchi/clodhopper/graph/generated/generated.go:2426.92,2429.3 2 0
gitlab.com/l3montree/cryptogotchi/clodhopper/graph/generated/generated.go:2430.16,2433.3 2 0
gitlab.com/l3montree/cryptogotchi/clodhopper/graph/generated/generated.go:2434.19,2435.38 1 0
gitlab.com/l3montree/cryptogotchi/clodhopper/graph/generated/generated.go:2438.3,2438.22 1 0
gitlab.com/l3montree/cryptogotchi/clodhopper/graph/generated/generated.go:2435.38,2437.4 1 0
gitlab.com/l3montree/cryptogotchi/clodhopper/graph/generated/generated.go:2445.154,2446.15 1 0
gitlab.com/l3montree/cryptogotchi/clodhopper/graph/generated/generated.go:2452.2,2461.92 3 0
gitlab.com/l3montree/cryptogotchi/clodhopper/graph/generated/generated.go:2465.2,2465.16 1 0
gitlab.com/l3montree/cryptogotchi/clodhopper/graph/generated/generated.go:2469.2,2469.19 1 0
gitlab.com/l3montree/cryptogotchi/clodhopper/graph/generated/generated.go:2472.2,2474.124 3 0
gitlab.com/l3montree/cryptogotchi/clodhopper/graph/generated/generated.go:2446.15,2447.31 1 0
gitlab.com/l3montree/cryptogotchi/clodhopper/graph/generated/generated.go:2447.31,2450.4 2 0
gitlab.com/l3montree/cryptogotchi/clodhopper/graph/generated/generated.go:2461.92,2464.3 2 0
gitlab.com/l3montree/cryptogotchi/clodhopper/graph/generated/generated.go:2465.16,2468.3 2 0
gitlab.com/l3montree/cryptogotchi/clodhopper/graph/generated/generated.go:2469.19,2471.3 1 0
gitlab.com/l3montree/cryptogotchi/clodhopper/graph/generated/generated.go:2477.158,2478.15 1 0
gitlab.com/l3montree/cryptogotchi/clodhopper/graph/generated/generated.go:2484.2,2493.92 3 0
gitlab.com/l3montree/cryptogotchi/clodhopper/graph/generated/generated.go:2497.2,2497.16 1 0
gitlab.com/l3montree/cryptogotchi/clodhopper/graph/generated/generated.go:2501.2,2501.19 1 0
gitlab.com/l3montree/cryptogotchi/clodhopper/graph/generated/generated.go:2504.2,2506.124 3 0
gitlab.com/l3montree/cryptogotchi/clodhopper/graph/generated/generated.go:2478.15,2479.31 1 0
gitlab.com/l3montree/cryptogotchi/clodhopper/graph/generated/generated.go:2479.31,2482.4 2 0
gitlab.com/l3montree/cryptogotchi/clodhopper/graph/generated/generated.go:2493.92,2496.3 2 0
gitlab.com/l3montree/cryptogotchi/clodhopper/graph/generated/generated.go:2497.16,2500.3 2 0
gitlab.com/l3montree/cryptogotchi/clodhopper/graph/generated/generated.go:2501.19,2503.3 1 0
gitlab.com/l3montree/cryptogotchi/clodhopper/graph/generated/generated.go:2509.152,2510.15 1 0
gitlab.com/l3montree/cryptogotchi/clodhopper/graph/generated/generated.go:2516.2,2525.92 3 0
gitlab.com/l3montree/cryptogotchi/clodhopper/graph/generated/generated.go:2529.2,2529.16 1 0
gitlab.com/l3montree/cryptogotchi/clodhopper/graph/generated/generated.go:2533.2,2533.19 1 0
gitlab.com/l3montree/cryptogotchi/clodhopper/graph/generated/generated.go:2539.2,2541.137 3 0
gitlab.com/l3montree/cryptogotchi/clodhopper/graph/generated/generated.go:2510.15,2511.31 1 0
gitlab.com/l3montree/cryptogotchi/clodhopper/graph/generated/generated.go:2511.31,2514.4 2 0
gitlab.com/l3montree/cryptogotchi/clodhopper/graph/generated/generated.go:2525.92,2528.3 2 0
gitlab.com/l3montree/cryptogotchi/clodhopper/graph/generated/generated.go:2529.16,2532.3 2 0
gitlab.com/l3montree/cryptogotchi/clodhopper/graph/generated/generated.go:2533.19,2534.38 1 0
gitlab.com/l3montree/cryptogotchi/clodhopper/graph/generated/generated.go:2537.3,2537.22 1 0
gitlab.com/l3montree/cryptogotchi/clodhopper/graph/generated/generated.go:2534.38,2536.4 1 0
gitlab.com/l3montree/cryptogotchi/clodhopper/graph/generated/generated.go:2544.142,2545.15 1 0
gitlab.com/l3montree/cryptogotchi/clodhopper/graph/generated/generated.go:2551.2,2560.92 3 0
gitlab.com/l3montree/cryptogotchi/clodhopper/graph/generated/generated.go:2564.2,2564.16 1 0
gitlab.com/l3montree/cryptogotchi/clodhopper/graph/generated/generated.go:2568.2,2568.19 1 0
gitlab.com/l3montree/cryptogotchi/clodhopper/graph/generated/generated.go:2574.2,2576.65 3 0
gitlab.com/l3montree/cryptogotchi/clodhopper/graph/generated/generated.go:2545.15,2546.31 1 0
gitlab.com/l3montree/cryptogotchi/clodhopper/graph/generated/generated.go:2546.31,2549.4 2 0
gitlab.com/l3montree/cryptogotchi/clodhopper/graph/generated/generated.go:2560.92,2563.3 2 0
gitlab.com/l3montree/cryptogotchi/clodhopper/graph/generated/generated.go:2564.16,2567.3 2 0
gitlab.com/l3montree/cryptogotchi/clodhopper/graph/generated/generated.go:2568.19,2569.38 1 0
gitlab.com/l3montree/cryptogotchi/clodhopper/graph/generated/generated.go:2572.3,2572.22 1 0
gitlab.com/l3montree/cryptogotchi/clodhopper/graph/generated/generated.go:2569.38,2571.4 1 0
gitlab.com/l3montree/cryptogotchi/clodhopper/graph/generated/generated.go:2579.142,2580.15 1 0
[...]
gitlab.com/l3montree/cryptogotchi/clodhopper/graph/generated/generated.go:4521.14,4523.3 1 0
gitlab.com/l3montree/cryptogotchi/clodhopper/graph/generated/generated.go:4527.13,4529.3 1 0
gitlab.com/l3montree/cryptogotchi/clodhopper/graph/generated/generated.go:4530.19,4537.20 4 0
gitlab.com/l3montree/cryptogotchi/clodhopper/graph/generated/generated.go:4549.3,4549.13 1 0
gitlab.com/l3montree/cryptogotchi/clodhopper/graph/generated/generated.go:4537.20,4538.17 1 0
gitlab.com/l3montree/cryptogotchi/clodhopper/graph/generated/generated.go:4544.4,4544.15 1 0
gitlab.com/l3montree/cryptogotchi/clodhopper/graph/generated/generated.go:4547.4,4547.123 1 0
gitlab.com/l3montree/cryptogotchi/clodhopper/graph/generated/generated.go:4538.17,4539.33 1 0
gitlab.com/l3montree/cryptogotchi/clodhopper/graph/generated/generated.go:4539.33,4542.6 2 0
gitlab.com/l3montree/cryptogotchi/clodhopper/graph/generated/generated.go:4544.15,4546.5 1 0
gitlab.com/l3montree/cryptogotchi/clodhopper/graph/generated/generated.go:4549.13,4551.4 1 0
gitlab.com/l3montree/cryptogotchi/clodhopper/graph/generated/generated.go:4551.9,4553.4 1 0
gitlab.com/l3montree/cryptogotchi/clodhopper/graph/generated/generated.go:4558.24,4559.24 1 0
gitlab.com/l3montree/cryptogotchi/clodhopper/graph/generated/generated.go:4559.24,4561.4 1 0
gitlab.com/l3montree/cryptogotchi/clodhopper/graph/generated/generated.go:4567.205,4568.14 1 0
gitlab.com/l3montree/cryptogotchi/clodhopper/graph/generated/generated.go:4571.2,4574.13 4 0
gitlab.com/l3montree/cryptogotchi/clodhopper/graph/generated/generated.go:4577.2,4577.19 1 0
gitlab.com/l3montree/cryptogotchi/clodhopper/graph/generated/generated.go:4603.2,4605.24 2 0
gitlab.com/l3montree/cryptogotchi/clodhopper/graph/generated/generated.go:4611.2,4611.12 1 0
gitlab.com/l3montree/cryptogotchi/clodhopper/graph/generated/generated.go:4568.14,4570.3 1 0
gitlab.com/l3montree/cryptogotchi/clodhopper/graph/generated/generated.go:4574.13,4576.3 1 0
gitlab.com/l3montree/cryptogotchi/clodhopper/graph/generated/generated.go:4577.19,4584.20 4 0
gitlab.com/l3montree/cryptogotchi/clodhopper/graph/generated/generated.go:4596.3,4596.13 1 0
gitlab.com/l3montree/cryptogotchi/clodhopper/graph/generated/generated.go:4584.20,4585.17 1 0
gitlab.com/l3montree/cryptogotchi/clodhopper/graph/generated/generated.go:4591.4,4591.15 1 0
gitlab.com/l3montree/cryptogotchi/clodhopper/graph/generated/generated.go:4594.4,4594.115 1 0
gitlab.com/l3montree/cryptogotchi/clodhopper/graph/generated/generated.go:4585.17,4586.33 1 0
gitlab.com/l3montree/cryptogotchi/clodhopper/graph/generated/generated.go:4586.33,4589.6 2 0
gitlab.com/l3montree/cryptogotchi/clodhopper/graph/generated/generated.go:4591.15,4593.5 1 0
gitlab.com/l3montree/cryptogotchi/clodhopper/graph/generated/generated.go:4596.13,4598.4 1 0
gitlab.com/l3montree/cryptogotchi/clodhopper/graph/generated/generated.go:4598.9,4600.4 1 0
gitlab.com/l3montree/cryptogotchi/clodhopper/graph/generated/generated.go:4605.24,4606.24 1 0
gitlab.com/l3montree/cryptogotchi/clodhopper/graph/generated/generated.go:4606.24,4608.4 1 0
gitlab.com/l3montree/cryptogotchi/clodhopper/graph/generated/generated.go:4614.220,4615.14 1 0
gitlab.com/l3montree/cryptogotchi/clodhopper/graph/generated/generated.go:4618.2,4621.13 4 0
gitlab.com/l3montree/cryptogotchi/clodhopper/graph/generated/generated.go:4624.2,4624.19 1 0
gitlab.com/l3montree/cryptogotchi/clodhopper/graph/generated/generated.go:4650.2,4652.24 2 0
gitlab.com/l3montree/cryptogotchi/clodhopper/graph/generated/generated.go:4658.2,4658.12 1 0
gitlab.com/l3montree/cryptogotchi/clodhopper/graph/generated/generated.go:4615.14,4617.3 1 0
gitlab.com/l3montree/cryptogotchi/clodhopper/graph/generated/generated.go:4621.13,4623.3 1 0
gitlab.com/l3montree/cryptogotchi/clodhopper/graph/generated/generated.go:4624.19,4631.20 4 0
gitlab.com/l3montree/cryptogotchi/clodhopper/graph/generated/generated.go:4643.3,4643.13 1 0
gitlab.com/l3montree/cryptogotchi/clodhopper/graph/generated/generated.go:4631.20,4632.17 1 0
gitlab.com/l3montree/cryptogotchi/clodhopper/graph/generated/generated.go:4638.4,4638.15 1 0
gitlab.com/l3montree/cryptogotchi/clodhopper/graph/generated/generated.go:4641.4,4641.125 1 0
gitlab.com/l3montree/cryptogotchi/clodhopper/graph/generated/generated.go:4632.17,4633.33 1 0
gitlab.com/l3montree/cryptogotchi/clodhopper/graph/generated/generated.go:4633.33,4636.6 2 0
gitlab.com/l3montree/cryptogotchi/clodhopper/graph/generated/generated.go:4638.15,4640.5 1 0
gitlab.com/l3montree/cryptogotchi/clodhopper/graph/generated/generated.go:4643.13,4645.4 1 0
gitlab.com/l3montree/cryptogotchi/clodhopper/graph/generated/generated.go:4645.9,4647.4 1 0
gitlab.com/l3montree/cryptogotchi/clodhopper/graph/generated/generated.go:4652.24,4653.24 1 0
gitlab.com/l3montree/cryptogotchi/clodhopper/graph/generated/generated.go:4653.24,4655.4 1 0
gitlab.com/l3montree/cryptogotchi/clodhopper/graph/generated/generated.go:4661.204,4662.14 1 0
gitlab.com/l3montree/cryptogotchi/clodhopper/graph/generated/generated.go:4665.2,4665.34 1 0
gitlab.com/l3montree/cryptogotchi/clodhopper/graph/generated/generated.go:4662.14,4664.3 1 0
gitlab.com/l3montree/cryptogotchi/clodhopper/graph/generated/generated.go:4668.202,4669.14 1 0
gitlab.com/l3montree/cryptogotchi/clodhopper/graph/generated/generated.go:4672.2,4675.13 4 0
gitlab.com/l3montree/cryptogotchi/clodhopper/graph/generated/generated.go:4678.2,4678.19 1 0
gitlab.com/l3montree/cryptogotchi/clodhopper/graph/generated/generated.go:4704.2,4706.24 2 0
gitlab.com/l3montree/cryptogotchi/clodhopper/graph/generated/generated.go:4712.2,4712.12 1 0
gitlab.com/l3montree/cryptogotchi/clodhopper/graph/generated/generated.go:4669.14,4671.3 1 0
gitlab.com/l3montree/cryptogotchi/clodhopper/graph/generated/generated.go:4675.13,4677.3 1 0
gitlab.com/l3montree/cryptogotchi/clodhopper/graph/generated/generated.go:4678.19,4685.20 4 0
gitlab.com/l3montree/cryptogotchi/clodhopper/graph/generated/generated.go:4697.3,4697.13 1 0
gitlab.com/l3montree/cryptogotchi/clodhopper/graph/generated/generated.go:4685.20,4686.17 1 0
gitlab.com/l3montree/cryptogotchi/clodhopper/graph/generated/generated.go:4692.4,4692.15 1 0
gitlab.com/l3montree/cryptogotchi/clodhopper/graph/generated/generated.go:4695.4,4695.113 1 0
gitlab.com/l3montree/cryptogotchi/clodhopper/graph/generated/generated.go:4686.17,4687.33 1 0
gitlab.com/l3montree/cryptogotchi/clodhopper/graph/generated/generated.go:4687.33,4690.6 2 0
gitlab.com/l3montree/cryptogotchi/clodhopper/graph/generated/generated.go:4692.15,4694.5 1 0
gitlab.com/l3montree/cryptogotchi/clodhopper/graph/generated/generated.go:4697.13,4699.4 1 0
gitlab.com/l3montree/cryptogotchi/clodhopper/graph/generated/generated.go:4699.9,4701.4 1 0
gitlab.com/l3montree/cryptogotchi/clodhopper/graph/generated/generated.go:4706.24,4707.24 1 0
gitlab.com/l3montree/cryptogotchi/clodhopper/graph/generated/generated.go:4707.24,4709.4 1 0
gitlab.com/l3montree/cryptogotchi/clodhopper/graph/generated/generated.go:4715.198,4716.14 1 0
gitlab.com/l3montree/cryptogotchi/clodhopper/graph/generated/generated.go:4719.2,4719.32 1 0
gitlab.com/l3montree/cryptogotchi/clodhopper/graph/generated/generated.go:4716.14,4718.3 1 0
gitlab.com/l3montree/cryptogotchi/clodhopper/graph/schema.resolvers.go:15.98,17.2 1 0
gitlab.com/l3montree/cryptogotchi/clodhopper/graph/schema.resolvers.go:19.103,21.2 1 0
gitlab.com/l3montree/cryptogotchi/clodhopper/graph/schema.resolvers.go:23.84,25.2 1 0
gitlab.com/l3montree/cryptogotchi/clodhopper/graph/schema.resolvers.go:27.86,29.2 1 0
gitlab.com/l3montree/cryptogotchi/clodhopper/graph/schema.resolvers.go:31.105,33.2 1 0
gitlab.com/l3montree/cryptogotchi/clodhopper/graph/schema.resolvers.go:35.96,37.2 1 0
gitlab.com/l3montree/cryptogotchi/clodhopper/graph/schema.resolvers.go:39.90,41.2 1 0
gitlab.com/l3montree/cryptogotchi/clodhopper/graph/schema.resolvers.go:43.92,45.2 1 0
gitlab.com/l3montree/cryptogotchi/clodhopper/graph/schema.resolvers.go:47.116,49.2 1 0
gitlab.com/l3montree/cryptogotchi/clodhopper/graph/schema.resolvers.go:51.93,53.2 1 0
gitlab.com/l3montree/cryptogotchi/clodhopper/graph/schema.resolvers.go:55.73,57.2 1 0
gitlab.com/l3montree/cryptogotchi/clodhopper/graph/schema.resolvers.go:59.82,61.2 1 0
gitlab.com/l3montree/cryptogotchi/clodhopper/graph/schema.resolvers.go:64.66,64.101 1 0
gitlab.com/l3montree/cryptogotchi/clodhopper/graph/schema.resolvers.go:67.52,67.80 1 0
gitlab.com/l3montree/cryptogotchi/clodhopper/graph/schema.resolvers.go:70.58,70.89 1 0
gitlab.com/l3montree/cryptogotchi/clodhopper/graph/schema.resolvers.go:73.58,73.89 1 0
gitlab.com/l3montree/cryptogotchi/clodhopper/graph/schema.resolvers.go:76.52,76.80 1 0
gitlab.com/l3montree/cryptogotchi/clodhopper/graph/schema.resolvers.go:79.50,79.77 1 0
gitlab.com/l3montree/cryptogotchi/clodhopper/internal/http_util/request_parser.go:8.56,9.60 1 0
gitlab.com/l3montree/cryptogotchi/clodhopper/internal/http_util/request_parser.go:12.2,12.12 1 0
gitlab.com/l3montree/cryptogotchi/clodhopper/internal/http_util/request_parser.go:9.60,11.3 1 0
gitlab.com/l3montree/cryptogotchi/clodhopper/internal/resolvers/user_resolver.go:11.64,15.2 1 0
gitlab.com/l3montree/cryptogotchi/clodhopper/internal/repositories/user_repository.go:20.56,22.2 1 0
gitlab.com/l3montree/cryptogotchi/clodhopper/internal/repositories/user_repository.go:24.84,28.2 3 0
gitlab.com/l3montree/cryptogotchi/clodhopper/internal/repositories/user_repository.go:30.88,34.2 3 0
gitlab.com/l3montree/cryptogotchi/clodhopper/internal/repositories/user_repository.go:36.72,40.2 3 0
gitlab.com/l3montree/cryptogotchi/clodhopper/internal/repositories/user_repository.go:42.62,44.2 1 0
gitlab.com/l3montree/cryptogotchi/clodhopper/internal/repositories/user_repository.go:46.92,50.2 3 0
gitlab.com/l3montree/cryptogotchi/clodhopper/internal/models/cryptogotchi.go:36.50,38.2 1 0
gitlab.com/l3montree/cryptogotchi/clodhopper/internal/models/cryptogotchi.go:43.48,45.2 1 0
gitlab.com/l3montree/cryptogotchi/clodhopper/internal/models/cryptogotchi.go:48.48,50.2 1 0
gitlab.com/l3montree/cryptogotchi/clodhopper/internal/models/cryptogotchi.go:53.48,55.2 1 0
gitlab.com/l3montree/cryptogotchi/clodhopper/internal/models/cryptogotchi.go:60.76,62.33 2 0
gitlab.com/l3montree/cryptogotchi/clodhopper/internal/models/cryptogotchi.go:66.2,83.16 9 0
gitlab.com/l3montree/cryptogotchi/clodhopper/internal/models/cryptogotchi.go:90.2,94.29 4 0
gitlab.com/l3montree/cryptogotchi/clodhopper/internal/models/cryptogotchi.go:62.33,64.3 1 0
gitlab.com/l3montree/cryptogotchi/clodhopper/internal/models/cryptogotchi.go:83.16,88.3 2 0
gitlab.com/l3montree/cryptogotchi/clodhopper/internal/models/cryptogotchi.go:97.57,98.33 1 0
gitlab.com/l3montree/cryptogotchi/clodhopper/internal/models/cryptogotchi.go:106.2,106.31 1 0
gitlab.com/l3montree/cryptogotchi/clodhopper/internal/models/cryptogotchi.go:98.33,101.18 2 0
gitlab.com/l3montree/cryptogotchi/clodhopper/internal/models/cryptogotchi.go:101.18,104.4 1 0
gitlab.com/l3montree/cryptogotchi/clodhopper/internal/models/cryptogotchi.go:109.47,111.2 1 0
gitlab.com/l3montree/cryptogotchi/clodhopper/internal/db/mysql.go:20.53,23.16 3 0
gitlab.com/l3montree/cryptogotchi/clodhopper/internal/db/mysql.go:30.2,38.16 9 0
gitlab.com/l3montree/cryptogotchi/clodhopper/internal/db/mysql.go:23.16,25.3 1 0
gitlab.com/l3montree/cryptogotchi/clodhopper/internal/db/mysql.go:41.33,43.2 1 0
gitlab.com/l3montree/cryptogotchi/clodhopper/internal/repositories/game_stat_repository.go:18.64,20.2 1 0
gitlab.com/l3montree/cryptogotchi/clodhopper/internal/repositories/game_stat_repository.go:22.74,24.2 1 0
gitlab.com/l3montree/cryptogotchi/clodhopper/internal/repositories/game_stat_repository.go:26.94,30.2 3 0
gitlab.com/l3montree/cryptogotchi/clodhopper/internal/repositories/game_stat_repository.go:32.80,36.2 3 0
gitlab.com/l3montree/cryptogotchi/clodhopper/cmd/clodhopper-server/main.go:21.69,24.2 2 0
gitlab.com/l3montree/cryptogotchi/clodhopper/cmd/clodhopper-server/main.go:26.61,33.2 1 0
gitlab.com/l3montree/cryptogotchi/clodhopper/cmd/clodhopper-server/main.go:35.43,39.2 3 0
gitlab.com/l3montree/cryptogotchi/clodhopper/cmd/clodhopper-server/main.go:41.13,43.16 2 0
gitlab.com/l3montree/cryptogotchi/clodhopper/cmd/clodhopper-server/main.go:47.2,48.12 2 0
gitlab.com/l3montree/cryptogotchi/clodhopper/cmd/clodhopper-server/main.go:57.2,69.16 5 0
gitlab.com/l3montree/cryptogotchi/clodhopper/cmd/clodhopper-server/main.go:43.16,45.3 1 0
gitlab.com/l3montree/cryptogotchi/clodhopper/cmd/clodhopper-server/main.go:48.12,52.17 2 0
gitlab.com/l3montree/cryptogotchi/clodhopper/cmd/clodhopper-server/main.go:52.17,54.4 1 0
gitlab.com/l3montree/cryptogotchi/clodhopper/internal/service/token_service.go:22.33,40.2 11 1
gitlab.com/l3montree/cryptogotchi/clodhopper/internal/service/token_service.go:42.79,46.2 2 1
gitlab.com/l3montree/cryptogotchi/clodhopper/internal/service/token_service.go:48.60,50.2 1 0
gitlab.com/l3montree/cryptogotchi/clodhopper/internal/service/token_service.go:52.71,53.73 1 1
gitlab.com/l3montree/cryptogotchi/clodhopper/internal/service/token_service.go:57.2,57.22 1 1
gitlab.com/l3montree/cryptogotchi/clodhopper/internal/service/token_service.go:53.73,55.3 1 1
gitlab.com/l3montree/cryptogotchi/clodhopper/graph/resolver.go:13.80,17.2 1 0
gitlab.com/l3montree/cryptogotchi/clodhopper/internal/server/graphql_gameserver.go:46.62,50.2 3 0
gitlab.com/l3montree/cryptogotchi/clodhopper/internal/server/graphql_gameserver.go:52.61,55.2 2 0
gitlab.com/l3montree/cryptogotchi/clodhopper/internal/server/graphql_gameserver.go:57.55,58.71 1 0
gitlab.com/l3montree/cryptogotchi/clodhopper/internal/server/graphql_gameserver.go:58.71,69.3 5 0
gitlab.com/l3montree/cryptogotchi/clodhopper/internal/server/graphql_gameserver.go:73.76,74.71 1 0
gitlab.com/l3montree/cryptogotchi/clodhopper/internal/server/graphql_gameserver.go:74.71,77.18 2 0
gitlab.com/l3montree/cryptogotchi/clodhopper/internal/server/graphql_gameserver.go:86.3,87.17 2 0
gitlab.com/l3montree/cryptogotchi/clodhopper/internal/server/graphql_gameserver.go:107.3,108.17 2 0
gitlab.com/l3montree/cryptogotchi/clodhopper/internal/server/graphql_gameserver.go:117.3,119.43 3 0
gitlab.com/l3montree/cryptogotchi/clodhopper/internal/server/graphql_gameserver.go:77.18,82.4 3 0
gitlab.com/l3montree/cryptogotchi/clodhopper/internal/server/graphql_gameserver.go:87.17,90.48 1 0
gitlab.com/l3montree/cryptogotchi/clodhopper/internal/server/graphql_gameserver.go:103.4,103.10 1 0
gitlab.com/l3montree/cryptogotchi/clodhopper/internal/server/graphql_gameserver.go:90.48,91.52 1 0
gitlab.com/l3montree/cryptogotchi/clodhopper/internal/server/graphql_gameserver.go:91.52,94.6 2 0
gitlab.com/l3montree/cryptogotchi/clodhopper/internal/server/graphql_gameserver.go:94.11,94.90 1 0
gitlab.com/l3montree/cryptogotchi/clodhopper/internal/server/graphql_gameserver.go:94.90,98.6 2 0
gitlab.com/l3montree/cryptogotchi/clodhopper/internal/server/graphql_gameserver.go:98.11,101.6 2 0
gitlab.com/l3montree/cryptogotchi/clodhopper/internal/server/graphql_gameserver.go:108.17,115.4 4 0
gitlab.com/l3montree/cryptogotchi/clodhopper/internal/server/graphql_gameserver.go:123.47,125.2 1 0
gitlab.com/l3montree/cryptogotchi/clodhopper/internal/server/graphql_gameserver.go:127.37,132.16 4 0
gitlab.com/l3montree/cryptogotchi/clodhopper/internal/server/graphql_gameserver.go:136.2,175.11 18 0
gitlab.com/l3montree/cryptogotchi/clodhopper/internal/server/graphql_gameserver.go:178.2,178.43 1 0
gitlab.com/l3montree/cryptogotchi/clodhopper/internal/server/graphql_gameserver.go:183.2,183.51 1 0
gitlab.com/l3montree/cryptogotchi/clodhopper/internal/server/graphql_gameserver.go:189.2,196.34 4 0
gitlab.com/l3montree/cryptogotchi/clodhopper/internal/server/graphql_gameserver.go:202.2,203.50 2 0
gitlab.com/l3montree/cryptogotchi/clodhopper/internal/server/graphql_gameserver.go:132.16,134.3 1 0
gitlab.com/l3montree/cryptogotchi/clodhopper/internal/server/graphql_gameserver.go:175.11,177.3 1 0
gitlab.com/l3montree/cryptogotchi/clodhopper/internal/server/graphql_gameserver.go:178.43,181.3 2 0
gitlab.com/l3montree/cryptogotchi/clodhopper/internal/server/graphql_gameserver.go:183.51,187.3 1 0
gitlab.com/l3montree/cryptogotchi/clodhopper/internal/server/graphql_gameserver.go:196.34,200.3 2 0
gitlab.com/l3montree/cryptogotchi/clodhopper/internal/service/auth_service.go:24.81,29.2 1 0
gitlab.com/l3montree/cryptogotchi/clodhopper/internal/service/auth_service.go:31.59,33.2 1 0
gitlab.com/l3montree/cryptogotchi/clodhopper/internal/service/auth_service.go:35.55,37.2 1 0
gitlab.com/l3montree/cryptogotchi/clodhopper/internal/service/auth_service.go:39.95,48.16 3 0
gitlab.com/l3montree/cryptogotchi/clodhopper/internal/service/auth_service.go:53.2,60.8 3 0
gitlab.com/l3montree/cryptogotchi/clodhopper/internal/service/auth_service.go:48.16,50.3 1 0
gitlab.com/l3montree/cryptogotchi/clodhopper/internal/service/cryptogotchi_service.go:15.86,19.2 1 0
gitlab.com/l3montree/cryptogotchi/clodhopper/internal/repositories/record_repository.go:16.58,18.2 1 0
gitlab.com/l3montree/cryptogotchi/clodhopper/internal/repositories/record_repository.go:20.66,22.2 1 0
gitlab.com/l3montree/cryptogotchi/clodhopper/internal/http_util/errorc.go:17.38,19.2 1 0
gitlab.com/l3montree/cryptogotchi/clodhopper/internal/http_util/errorc.go:21.38,25.2 3 0
gitlab.com/l3montree/cryptogotchi/clodhopper/internal/http_util/errorc.go:28.98,31.2 2 0
gitlab.com/l3montree/cryptogotchi/clodhopper/internal/http_util/errorc.go:33.71,34.19 1 0
gitlab.com/l3montree/cryptogotchi/clodhopper/internal/http_util/errorc.go:40.2,43.3 1 0
gitlab.com/l3montree/cryptogotchi/clodhopper/internal/http_util/errorc.go:34.19,39.3 1 0
gitlab.com/l3montree/cryptogotchi/clodhopper/internal/controller/opensea_controller.go:17.151,22.2 1 0
gitlab.com/l3montree/cryptogotchi/clodhopper/internal/controller/opensea_controller.go:24.87,28.16 3 0
gitlab.com/l3montree/cryptogotchi/clodhopper/internal/controller/opensea_controller.go:33.2,36.29 3 0
gitlab.com/l3montree/cryptogotchi/clodhopper/internal/controller/opensea_controller.go:28.16,31.3 2 0
gitlab.com/l3montree/cryptogotchi/clodhopper/internal/resolvers/cryptogothi_resolver.go:22.157,27.2 1 0
gitlab.com/l3montree/cryptogotchi/clodhopper/internal/resolvers/cryptogothi_resolver.go:29.100,32.24 3 0
gitlab.com/l3montree/cryptogotchi/clodhopper/internal/resolvers/cryptogothi_resolver.go:37.2,41.46 3 0
gitlab.com/l3montree/cryptogotchi/clodhopper/internal/resolvers/cryptogothi_resolver.go:50.2,52.17 2 0
gitlab.com/l3montree/cryptogotchi/clodhopper/internal/resolvers/cryptogothi_resolver.go:32.24,35.3 1 0
gitlab.com/l3montree/cryptogotchi/clodhopper/internal/resolvers/cryptogothi_resolver.go:41.46,43.56 2 0
gitlab.com/l3montree/cryptogotchi/clodhopper/internal/resolvers/cryptogothi_resolver.go:43.56,47.4 3 0
gitlab.com/l3montree/cryptogotchi/clodhopper/internal/resolvers/cryptogothi_resolver.go:55.120,60.16 3 0
gitlab.com/l3montree/cryptogotchi/clodhopper/internal/resolvers/cryptogothi_resolver.go:66.2,66.44 1 0
gitlab.com/l3montree/cryptogotchi/clodhopper/internal/resolvers/cryptogothi_resolver.go:71.2,72.14 2 0
gitlab.com/l3montree/cryptogotchi/clodhopper/internal/resolvers/cryptogothi_resolver.go:78.2,83.27 4 0
gitlab.com/l3montree/cryptogotchi/clodhopper/internal/resolvers/cryptogothi_resolver.go:60.16,63.3 2 0
gitlab.com/l3montree/cryptogotchi/clodhopper/internal/resolvers/cryptogothi_resolver.go:66.44,69.3 2 0
gitlab.com/l3montree/cryptogotchi/clodhopper/internal/resolvers/cryptogothi_resolver.go:72.14,74.3 1 0
gitlab.com/l3montree/cryptogotchi/clodhopper/internal/repositories/cryptogotchi_repository.go:18.72,20.2 1 0
gitlab.com/l3montree/cryptogotchi/clodhopper/internal/repositories/cryptogotchi_repository.go:22.110,26.2 3 0
gitlab.com/l3montree/cryptogotchi/clodhopper/internal/repositories/cryptogotchi_repository.go:28.112,32.2 3 0
gitlab.com/l3montree/cryptogotchi/clodhopper/internal/repositories/cryptogotchi_repository.go:34.100,38.2 3 0
